<?xml version="1.0" encoding="UTF-8" ?>
<testsuite errors="1" failures="0" hostname="Presario" name="com.aug.triton.db.entity.SensorCaliTest" tests="1" time="429.927" timestamp="2012-05-18T17:23:36">
  <properties>
    <property name="libs.jsp-compiler.javadoc" value="" />
    <property name="netbeans.autoupdate.country" value="CA" />
    <property name="profiler.settings.sort.results.by.thread.cpu.time" value="false" />
    <property name="profiler.info.single.file" value="C:\IWM\Triton_VO\test\com\aug\triton\db\entity\SensorCaliTest.java" />
    <property name="javac.test.classpath" value="lib/antlr-2.7.6.jar:lib/asm-attrs.jar:lib/asm.jar:lib/cglib-2.1.3.jar:lib/commons-collections-2.1.1.jar:lib/commons-logging-1.1.jar:lib/dom4j-1.6.1.jar:lib/ehcache-1.2.3.jar:lib/ejb3-persistence.jar:lib/hibernate-annotations.jar:lib/hibernate-commons-annotations.jar:lib/hibernate-entitymanager.jar:lib/hibernate-tools.jar:lib/hibernate3.jar:lib/javassist.jar:lib/jdbc2_0-stdext.jar:lib/jta.jar:lib/junit-4.8.2.jar:lib/postgresql-8.3-603.jdbc3.jar:build/classes" />
    <property name="libs.jsf20.maven-pom" value="" />
    <property name="libs.DataBindingME.src" value="C:\Program Files\NetBeans 7.0.1\mobility\sources\netbeans_databindingme-src.zip" />
    <property name="libs.j2me_ant_ext.javadoc" value="" />
    <property name="profiler.settings.profiling.type" value="4" />
    <property name="libs.junit.javadoc" value="C:\Users\AUG\.netbeans\7.0\docs\junit-3.8.2-api.zip" />
    <property name="profiler.settings.cpu.quick.filterprofiler.simple.filter.value" value="" />
    <property name="javac.includes" value="com/aug/triton/db/entity/SensorCaliTest.java" />
    <property name="libs.nsicom-ant-utils.src" value="" />
    <property name="libs.nokiaS80-ant-utils.javadoc" value="" />
    <property name="ant.core.lib" value="C:\Program Files\NetBeans 7.0.1\java\ant\lib\ant.jar" />
    <property name="libs.swing-app-framework.src" value="" />
    <property name="libs.jakarta_slide_ant_webdav.javadoc" value="" />
    <property name="javadoc.windowtitle" value="" />
    <property name="libs.toplink.classpath" value="C:\Program Files\NetBeans 7.0.1\java\modules\ext\toplink\toplink-essentials.jar;C:\Program Files\NetBeans 7.0.1\java\modules\ext\toplink\toplink-essentials-agent.jar" />
    <property name="libs.jsp-compilation.javadoc" value="" />
    <property name="user.dir" value="C:\IWM\Triton_VO" />
    <property name="libs.hibernate-persistence.javadoc" value="" />
    <property name="libs.JMUnit4CLDC10.javadoc" value="C:\Program Files\NetBeans 7.0.1\mobility\modules\docs\jmunit-1.2.1-api.zip" />
    <property name="java.vm.version" value="20.1-b02" />
    <property name="libs.DataBindingME.classpath" value="C:\Program Files\NetBeans 7.0.1\mobility\modules\ext\netbeans_databindingme.jar" />
    <property name="libs.jstl11.maven-pom" value="" />
    <property name="profiler.settings.sampling.interval" value="10" />
    <property name="profiler.session.port.no" value="5140" />
    <property name="libs.nsicom-ant-utils.classpath" value="C:\Program Files\NetBeans 7.0.1\mobility\ant\nblib\org-netbeans-modules-j2me-cdc-project-nsicom.jar" />
    <property name="file.reference.asm.jar" value="lib/asm.jar" />
    <property name="libs.MySQLDriver.classpath" value="C:\Program Files\NetBeans 7.0.1\ide\modules\ext\mysql-connector-java-5.1.13-bin.jar" />
    <property name="libs.eclipselinkmodelgen.src" value="" />
    <property name="libs.jstl11.src" value="" />
    <property name="javadoc.notree" value="false" />
    <property name="netbeans.autoupdate.version" value="1.23" />
    <property name="file.reference.jdbc2_0-stdext.jar" value="lib/jdbc2_0-stdext.jar" />
    <property name="libs.javaee-web-api-6.0.classpath" value="C:\Program Files\NetBeans 7.0.1\enterprise\modules\ext\javaee-web-api-6.0.jar" />
    <property name="libs.DataBindingME-PIM.maven-pom" value="" />
    <property name="libs.hibernate-support.maven-pom" value="" />
    <property name="libs.hibernate-support.javadoc" value="" />
    <property name="libs.NetBeans MIDP Components.maven-pom" value="" />
    <property name="jdk.home" value="C:\Program Files\Java\jdk1.6.0_26" />
    <property name="libs.javac-api.src" value="" />
    <property name="javadoc.noindex" value="false" />
    <property name="sun.os.patch.level" value="Service Pack 2" />
    <property name="do.archive+manifest.available" value="true" />
    <property name="profiler.info.oomeprotection" value="yes" />
    <property name="java.vm.specification.name" value="Java Virtual Machine Specification" />
    <property name="libs.semc-ant-utils.classpath" value="C:\Program Files\NetBeans 7.0.1\mobility\modules\ext\org-netbeans-modules-j2me-cdc-project-semc.jar" />
    <property name="nb.show.statistics.ui" value="usageStatisticsEnabled" />
    <property name="libs.nokiadeployment.classpath" value="C:\Program Files\NetBeans 7.0.1\mobility\modules\org-netbeans-modules-mobility-deployment-nokia.jar" />
    <property name="netbeans.autoupdate.variant" value="" />
    <property name="have.tests" value="true" />
    <property name="libs.nokiaS80-ant-utils.maven-pom" value="" />
    <property name="org.xml.sax.driver" value="com.sun.org.apache.xerces.internal.jaxp.SAXParserImpl$JAXPSAXParser" />
    <property name="libs.nb_svg_midp_components.src" value="C:\Program Files\NetBeans 7.0.1\mobility\sources\nb_svg_midp_components-src.zip" />
    <property name="libs.NetBeans MIDP Components WMA.src" value="C:\Program Files\NetBeans 7.0.1\mobility\sources\netbeans_midp_components_wma-src.zip" />
    <property name="libs.javac-api.javadoc" value="" />
    <property name="os.name" value="Windows Vista" />
    <property name="libs.beans-binding.classpath" value="C:\Program Files\NetBeans 7.0.1\java\modules\ext\beansbinding-1.2.1.jar" />
    <property name="ap.proc.none.internal" value="" />
    <property name="libs.DataBindingME-SVG.javadoc" value="C:\Program Files\NetBeans 7.0.1\mobility\modules\docs\netbeans_databindingme_svg-api.zip" />
    <property name="libs.restapi.javadoc" value="C:\Program Files\NetBeans 7.0.1\enterprise\docs\jsr311-api-1.1.1-javadoc.zip" />
    <property name="libs.JWSAntTasks.maven-pom" value="" />
    <property name="file.reference.ejb3-persistence.jar" value="lib/ejb3-persistence.jar" />
    <property name="libs.ojec-ant-utils.src" value="" />
    <property name="libs.spring-webmvc3.0.src" value="" />
    <property name="libs.restapi.classpath" value="C:\Program Files\NetBeans 7.0.1\enterprise\modules\ext\rest\jsr311-api-1.1.1.jar" />
    <property name="profiler.info.javaPlatform" value="default_platform" />
    <property name="profiler.settings.profilingpoints.enabled" value="true" />
    <property name="file.reference.junit-4.8.2.jar" value="lib/junit-4.8.2.jar" />
    <property name="java.vendor.url.bug" value="http://java.sun.com/cgi-bin/bugreport.cgi" />
    <property name="libs.nsicom-ant-utils.javadoc" value="" />
    <property name="profiler.settings.instr.scheme" value="1" />
    <property name="libs.jaxb.maven-pom" value="" />
    <property name="profiler.info.project.dir" value="C:\IWM\Triton_VO" />
    <property name="os.arch" value="x86" />
    <property name="libs.eclipselink.src" value="" />
    <property name="user.name" value="AUG" />
    <property name="libs.jsf12.javadoc" value="C:\Program Files\NetBeans 7.0.1\enterprise\docs\javaee6-doc-api.zip" />
    <property name="libs.spring-webmvc3.0.maven-pom" value="" />
    <property name="libs.swing-layout.maven-pom" value="" />
    <property name="sun.java.command" value="org.apache.tools.ant.taskdefs.optional.junit.JUnitTestRunner com.aug.triton.db.entity.SensorCaliTest filtertrace=true haltOnError=false haltOnFailure=false showoutput=true outputtoformatters=true logfailedtests=true logtestlistenerevents=true formatter=org.apache.tools.ant.taskdefs.optional.junit.BriefJUnitResultFormatter formatter=org.apache.tools.ant.taskdefs.optional.junit.XMLJUnitResultFormatter,C:\IWM\Triton_VO\TEST-com.aug.triton.db.entity.SensorCaliTest.xml crashfile=C:\IWM\Triton_VO\junitvmwatcher3245655643084528955.properties propsfile=C:\IWM\Triton_VO\junit6409071900674129915.properties" />
    <property name="build.classes.dir" value="build/classes" />
    <property name="netbeans.accept_license_class" value="org.netbeans.license.AcceptLicense" />
    <property name="build.sysclasspath" value="ignore" />
    <property name="ap.supported.internal" value="true" />
    <property name="libs.jaxws21.javadoc" value="C:\Program Files\NetBeans 7.0.1\java\docs\jaxws-api-doc.zip" />
    <property name="includes" value="**" />
    <property name="libs.ojec-ant-utils.maven-pom" value="" />
    <property name="user.country" value="CA" />
    <property name="manifest.file" value="manifest.mf" />
    <property name="libs.jstl11.javadoc" value="C:\Program Files\NetBeans 7.0.1\enterprise\docs\javaee6-doc-api.zip" />
    <property name="libs.JMUnit4CLDC11.src" value="" />
    <property name="javadoc.encoding" value="UTF-8" />
    <property name="javac.classpath" value="lib/antlr-2.7.6.jar:lib/asm-attrs.jar:lib/asm.jar:lib/cglib-2.1.3.jar:lib/commons-collections-2.1.1.jar:lib/commons-logging-1.1.jar:lib/dom4j-1.6.1.jar:lib/ehcache-1.2.3.jar:lib/ejb3-persistence.jar:lib/hibernate-annotations.jar:lib/hibernate-commons-annotations.jar:lib/hibernate-entitymanager.jar:lib/hibernate-tools.jar:lib/hibernate3.jar:lib/javassist.jar:lib/jdbc2_0-stdext.jar:lib/jta.jar:lib/junit-4.8.2.jar:lib/postgresql-8.3-603.jdbc3.jar" />
    <property name="libs.jsp-compilation-syscp.src" value="" />
    <property name="debug-transport" value="dt_shmem" />
    <property name="java.rmi.server.randomIDs" value="true" />
    <property name="netbeans.home" value="C:\Program Files\NetBeans 7.0.1\platform" />
    <property name="build.compiler.emacs" value="true" />
    <property name="org.netbeans.lib.profiler.servletTracking" value="true" />
    <property name="libs.javaee-web-api-6.0.src" value="" />
    <property name="libs.ejb3-persistence.src" value="" />
    <property name="libs.jsp-compilation-syscp.classpath" value="C:\Program Files\NetBeans 7.0.1\java\ant\lib\ant.jar;C:\Program Files\NetBeans 7.0.1\enterprise\modules\ext\servlet3.0-jsp2.2-api.jar;C:\Program Files\NetBeans 7.0.1\enterprise\modules\ext\glassfish-jspparser-3.0.jar;C:\Program Files\NetBeans 7.0.1\enterprise\modules\ext\standard.jar;C:\Program Files\NetBeans 7.0.1\enterprise\modules\ext\jsf-2_1\jsf-impl.jar" />
    <property name="libs.nokiaS80-ant-utils.src" value="" />
    <property name="libs.cdc-pp-awt-layout.javadoc" value="" />
    <property name="libs.j2me_ant_ext.classpath" value="C:\Program Files\NetBeans 7.0.1\mobility\modules\org-netbeans-modules-mobility-antext.jar;C:\Program Files\NetBeans 7.0.1\java\modules\org-netbeans-modules-classfile.jar" />
    <property name="java.endorsed.dirs" value="C:\Program Files\Java\jdk1.6.0_26\jre\lib\endorsed" />
    <property name="libs.groovy-all.src" value="" />
    <property name="netbeans.dynamic.classpath" value="C:\Program Files\NetBeans 7.0.1\platform\core\core.jar;C:\Program Files\NetBeans 7.0.1\platform\core\org-openide-filesystems.jar;C:\Program Files\NetBeans 7.0.1\platform\core\locale\core_ja.jar;C:\Program Files\NetBeans 7.0.1\platform\core\locale\core_pt_BR.jar;C:\Program Files\NetBeans 7.0.1\platform\core\locale\core_ru.jar;C:\Program Files\NetBeans 7.0.1\platform\core\locale\core_zh_CN.jar;C:\Program Files\NetBeans 7.0.1\platform\core\locale\org-openide-filesystems_ja.jar;C:\Program Files\NetBeans 7.0.1\platform\core\locale\org-openide-filesystems_pt_BR.jar;C:\Program Files\NetBeans 7.0.1\platform\core\locale\org-openide-filesystems_ru.jar;C:\Program Files\NetBeans 7.0.1\platform\core\locale\org-openide-filesystems_zh_CN.jar;C:\Program Files\NetBeans 7.0.1\nb\core\org-netbeans-upgrader.jar;C:\Program Files\NetBeans 7.0.1\nb\core\locale\core_nb.jar;C:\Program Files\NetBeans 7.0.1\nb\core\locale\core_nb_ja.jar;C:\Program Files\NetBeans 7.0.1\nb\core\locale\core_nb_pt_BR.jar;C:\Program Files\NetBeans 7.0.1\nb\core\locale\core_nb_ru.jar;C:\Program Files\NetBeans 7.0.1\nb\core\locale\core_nb_zh_CN.jar;C:\Program Files\NetBeans 7.0.1\nb\core\locale\org-netbeans-upgrader_ja.jar;C:\Program Files\NetBeans 7.0.1\nb\core\locale\org-netbeans-upgrader_pt_BR.jar;C:\Program Files\NetBeans 7.0.1\nb\core\locale\org-netbeans-upgrader_ru.jar;C:\Program Files\NetBeans 7.0.1\nb\core\locale\org-netbeans-upgrader_zh_CN.jar" />
    <property name="libs.cdc-agui-swing-layout.maven-pom" value="" />
    <property name="profiler.settings.instrumentation.filter.selectedprofiler.simple.filter.type" value="0" />
    <property name="libs.cdc-pp-awt-layout.src" value="C:\Program Files\NetBeans 7.0.1\mobility\sources\cdc-pp-awt-layout-src.zip" />
    <property name="ant.file.Triton_VO-impl" value="C:\IWM\Triton_VO\nbproject\build-impl.xml" />
    <property name="java.vm.specification.version" value="1.0" />
    <property name="libs.jakarta_slide_ant_webdav.src" value="" />
    <property name="libs.primefaces.classpath" value="C:\Program Files\NetBeans 7.0.1\enterprise\modules\ext\primefaces\primefaces-2.2.1.jar" />
    <property name="libs.javaee-api-6.0.classpath" value="C:\Program Files\NetBeans 7.0.1\enterprise\modules\ext\javaee-api-6.0.jar" />
    <property name="libs.sjmc-ant-utils.maven-pom" value="" />
    <property name="libs.groovy-all.maven-pom" value="" />
    <property name="libs.JMUnit4CLDC10.maven-pom" value="" />
    <property name="libs.hibernate-persistence.classpath" value="C:\Program Files\NetBeans 7.0.1\java\modules\ext\hibernate\antlr-2.7.6.jar;C:\Program Files\NetBeans 7.0.1\java\modules\ext\hibernate\asm.jar;C:\Program Files\NetBeans 7.0.1\java\modules\ext\hibernate\asm-attrs.jar;C:\Program Files\NetBeans 7.0.1\java\modules\ext\hibernate\cglib-2.1.3.jar;C:\Program Files\NetBeans 7.0.1\java\modules\ext\hibernate\commons-collections-2.1.1.jar;C:\Program Files\NetBeans 7.0.1\ide\modules\ext\commons-logging-1.1.jar;C:\Program Files\NetBeans 7.0.1\java\modules\ext\hibernate\dom4j-1.6.1.jar;C:\Program Files\NetBeans 7.0.1\java\modules\ext\hibernate\ehcache-1.2.3.jar;C:\Program Files\NetBeans 7.0.1\java\modules\ext\hibernate\jdbc2_0-stdext.jar;C:\Program Files\NetBeans 7.0.1\java\modules\ext\hibernate\jta.jar;C:\Program Files\NetBeans 7.0.1\java\modules\ext\hibernate\hibernate3.jar;C:\Program Files\NetBeans 7.0.1\java\modules\ext\hibernate\hibernate-tools.jar;C:\Program Files\NetBeans 7.0.1\java\modules\ext\hibernate\hibernate-annotations.jar;C:\Program Files\NetBeans 7.0.1\java\modules\ext\hibernate\hibernate-commons-annotations.jar;C:\Program Files\NetBeans 7.0.1\java\modules\ext\hibernate\hibernate-entitymanager.jar;C:\Program Files\NetBeans 7.0.1\java\modules\ext\hibernate\javassist.jar;C:\Program Files\NetBeans 7.0.1\java\modules\ext\hibernate\ejb3-persistence.jar" />
    <property name="libs.jaxws21.src" value="" />
    <property name="application.title" value="Triton_VO" />
    <property name="do.archive" value="true" />
    <property name="libs.swing-app-framework.classpath" value="C:\Program Files\NetBeans 7.0.1\java\modules\ext\appframework-1.0.3.jar;C:\Program Files\NetBeans 7.0.1\java\modules\ext\swing-worker-1.1.jar" />
    <property name="file.reference.dom4j-1.6.1.jar" value="lib/dom4j-1.6.1.jar" />
    <property name="netbeans.autoupdate.language" value="en" />
    <property name="libs.jakarta_slide_ant_webdav.classpath" value="C:\Program Files\NetBeans 7.0.1\mobility\modules\ext\commons-httpclient-3.0.1.jar;C:\Program Files\NetBeans 7.0.1\ide\modules\ext\commons-logging-1.1.jar;C:\Program Files\NetBeans 7.0.1\mobility\modules\ext\jdom-1.0.jar;C:\Program Files\NetBeans 7.0.1\mobility\modules\ext\jakarta-slide-webdavlib-2.1.jar;C:\Program Files\NetBeans 7.0.1\mobility\modules\ext\jakarta-slide-ant-webdav-2.1.jar" />
    <property name="profiler.settings.override.jvm.args" value="" />
    <property name="java.vendor" value="Sun Microsystems Inc." />
    <property name="libs.JMUnit4CLDC10.src" value="" />
    <property name="libs.javaee-api-6.0.javadoc" value="C:\Program Files\NetBeans 7.0.1\enterprise\docs\javaee6-doc-api.zip" />
    <property name="jar.index.metainf" value="false" />
    <property name="javac.debug" value="true" />
    <property name="javadoc.splitindex" value="true" />
    <property name="file.separator" value="\" />
    <property name="javac.includesfile.binary" value="C:\IWM\Triton_VO\null539034806" />
    <property name="libs.ActiveSync.classpath" value="C:\Program Files\NetBeans 7.0.1\mobility\modules\ext\nbactivesync-5.0.jar" />
    <property name="libs.junit_4.maven-pom" value="" />
    <property name="mkdist.disabled" value="false" />
    <property name="javac.test.processorpath" value="lib/antlr-2.7.6.jar:lib/asm-attrs.jar:lib/asm.jar:lib/cglib-2.1.3.jar:lib/commons-collections-2.1.1.jar:lib/commons-logging-1.1.jar:lib/dom4j-1.6.1.jar:lib/ehcache-1.2.3.jar:lib/ejb3-persistence.jar:lib/hibernate-annotations.jar:lib/hibernate-commons-annotations.jar:lib/hibernate-entitymanager.jar:lib/hibernate-tools.jar:lib/hibernate3.jar:lib/javassist.jar:lib/jdbc2_0-stdext.jar:lib/jta.jar:lib/junit-4.8.2.jar:lib/postgresql-8.3-603.jdbc3.jar:build/classes" />
    <property name="netbeans.buildnumber" value="201107282000" />
    <property name="libs.JWSAntTasks.javadoc" value="" />
    <property name="build.generated.sources.dir" value="build/generated-sources" />
    <property name="user.variant" value="" />
    <property name="libs.eclipselinkmodelgen.classpath" value="C:\Program Files\NetBeans 7.0.1\java\modules\ext\eclipselink\eclipselink-jpa-modelgen-2.2.0.jar" />
    <property name="sun.java.launcher" value="SUN_STANDARD" />
    <property name="libs.junit.classpath" value="C:\Users\AUG\.netbeans\7.0\modules\ext\junit-3.8.2.jar" />
    <property name="profiler.settings.obj.alloc.stack.sampling.interval" value="10" />
    <property name="libs.jaxb.javadoc" value="C:\Program Files\NetBeans 7.0.1\ide\docs\jaxb-api-doc.zip" />
    <property name="libs.struts.classpath" value="C:\Program Files\NetBeans 7.0.1\enterprise\modules\ext\struts\antlr-2.7.2.jar;C:\Program Files\NetBeans 7.0.1\enterprise\modules\ext\struts\bsf-2.3.0.jar;C:\Program Files\NetBeans 7.0.1\enterprise\modules\ext\struts\commons-beanutils-1.7.0.jar;C:\Program Files\NetBeans 7.0.1\enterprise\modules\ext\struts\commons-chain-1.1.jar;C:\Program Files\NetBeans 7.0.1\enterprise\modules\ext\struts\commons-digester-1.8.jar;C:\Program Files\NetBeans 7.0.1\enterprise\modules\ext\struts\commons-fileupload-1.1.1.jar;C:\Program Files\NetBeans 7.0.1\enterprise\modules\ext\struts\commons-io-1.1.jar;C:\Program Files\NetBeans 7.0.1\enterprise\modules\ext\struts\commons-logging-1.0.4.jar;C:\Program Files\NetBeans 7.0.1\enterprise\modules\ext\struts\commons-validator-1.3.1.jar;C:\Program Files\NetBeans 7.0.1\enterprise\modules\ext\struts\jstl-1.0.2.jar;C:\Program Files\NetBeans 7.0.1\enterprise\modules\ext\struts\oro-2.0.8.jar;C:\Program Files\NetBeans 7.0.1\enterprise\modules\ext\struts\standard-1.0.2.jar;C:\Program Files\NetBeans 7.0.1\enterprise\modules\ext\struts\struts-core-1.3.8.jar;C:\Program Files\NetBeans 7.0.1\enterprise\modules\ext\struts\struts-el-1.3.8.jar;C:\Program Files\NetBeans 7.0.1\enterprise\modules\ext\struts\struts-extras-1.3.8.jar;C:\Program Files\NetBeans 7.0.1\enterprise\modules\ext\struts\struts-faces-1.3.8.jar;C:\Program Files\NetBeans 7.0.1\enterprise\modules\ext\struts\struts-mailreader-dao-1.3.8.jar;C:\Program Files\NetBeans 7.0.1\enterprise\modules\ext\struts\struts-scripting-1.3.8.jar;C:\Program Files\NetBeans 7.0.1\enterprise\modules\ext\struts\struts-taglib-1.3.8.jar;C:\Program Files\NetBeans 7.0.1\enterprise\modules\ext\struts\struts-tiles-1.3.8.jar" />
    <property name="profiler.settings.cpu.quick.filterprofiler.filter.type" value="profiler.simple.filter" />
    <property name="javac.includes.binary" value="C:\IWM\Triton_VO\build\test\classes\com\aug\triton\db\entity\SensorCaliTest.class" />
    <property name="ant.home" value="C:\Program Files\NetBeans 7.0.1\java\ant" />
    <property name="libs.junit_4.src" value="C:\Users\AUG\.netbeans\7.0\docs\junit-4.8.2-src.jar" />
    <property name="libs.ricoh-ant-utils.maven-pom" value="" />
    <property name="file.reference.jta.jar" value="lib/jta.jar" />
    <property name="libs.absolutelayout.maven-pom" value="" />
    <property name="ant.java.version" value="1.6" />
    <property name="java.library.path" value="C:\Program Files\Java\jdk1.6.0_26\bin;C:\Windows\Sun\Java\bin;C:\Windows\system32;C:\Windows;C:\Perl\site\bin;C:\Perl\bin;C:\Program Files\Ocean Optics\OmniDriver\OOI_HOME;C:\Program Files\ImageMagick-6.6.7-Q16;C:\Windows\system32;C:\Windows;C:\Windows\System32\Wbem;C:\hp\bin\Python;c:\Program Files\Common Files\Roxio Shared\DLLShared\;c:\Program Files\Common Files\Roxio Shared\DLLShared\;c:\Program Files\Common Files\Roxio Shared\9.0\DLLShared\;C:\Program Files\MATLAB\R2010b\runtime\win32;C:\Program Files\MATLAB\R2010b\bin;C:\Program Files\Java\jdk1.6.0_24\bin; C:\Users\Davy\Desktop\NEST\apache-maven-3.0.2\bin;C:\Program Files\IVI Foundation\IVI\bin;C:\Program Files\IVI Foundation\VISA\WinNT\Bin\;C:\PROGRA~1\IVIFOU~1\VISA\WinNT\Bin;C:\Program Files\IVI Foundation\VISA\WinNT\Bin;C:\cygwin\bin;C:\Windows\System32\WindowsPowerShell\v1.0\;C:\MinGW\bin;C:\Program Files\MATLAB\MATLAB Compiler Runtime\v714\runtime\win32;c:\Program Files\Microsoft SQL Server\100\Tools\Binn\;c:\Program Files\Microsoft SQL Server\100\DTS\Binn\;C:\Program Files\TortoiseHg\;;." />
    <property name="javadoc.author" value="false" />
    <property name="libs.metro.maven-pom" value="" />
    <property name="profiler.settings.run.gc.on.get.results.in.memory.profiling" value="true" />
    <property name="manifest.available+main.class-mkdist.available" value="true" />
    <property name="java.util.logging.config.class" value="org.netbeans.core.startup.TopLogging" />
    <property name="profiler.settings.instrumentation.filter.selectedprofiler.simple.filter.value" value="" />
    <property name="libs.PostgreSQLDriver.src" value="" />
    <property name="ant.file.type.Triton_VO" value="file" />
    <property name="sun.arch.data.model" value="32" />
    <property name="profiler.session.jvm.args" value="-Xms5m -Xmx5m" />
    <property name="basedir" value="C:\IWM\Triton_VO" />
    <property name="libs.ActiveSync.src" value="" />
    <property name="jar.compress" value="false" />
    <property name="libs.NetBeans MIDP Components PDA.src" value="C:\Program Files\NetBeans 7.0.1\mobility\sources\netbeans_midp_components_pda-src.zip" />
    <property name="libs.jstl11.classpath" value="C:\Program Files\NetBeans 7.0.1\enterprise\modules\ext\standard.jar;C:\Program Files\NetBeans 7.0.1\enterprise\modules\ext\jstl.jar" />
    <property name="path.separator" value=";" />
    <property name="libs.javaee-web-api-6.0.javadoc" value="C:\Program Files\NetBeans 7.0.1\enterprise\docs\javaee6-doc-api.zip" />
    <property name="ant.junit.enabletestlistenerevents" value="true" />
    <property name="sun.io.unicode.encoding" value="UnicodeLittle" />
    <property name="libs.semc-ant-utils.javadoc" value="" />
    <property name="libs.jaxws21.classpath" value="C:\Program Files\NetBeans 7.0.1\ide\modules\ext\jaxb\jaxb-impl.jar;C:\Program Files\NetBeans 7.0.1\ide\modules\ext\jaxb\jaxb-xjc.jar;C:\Program Files\NetBeans 7.0.1\java\modules\ext\jaxws22\FastInfoset.jar;C:\Program Files\NetBeans 7.0.1\java\modules\ext\jaxws22\gmbal-api-only.jar;C:\Program Files\NetBeans 7.0.1\java\modules\ext\jaxws22\http.jar;C:\Program Files\NetBeans 7.0.1\java\modules\ext\jaxws22\jaxws-rt.jar;C:\Program Files\NetBeans 7.0.1\java\modules\ext\jaxws22\jaxws-tools.jar;C:\Program Files\NetBeans 7.0.1\java\modules\ext\jaxws22\management-api.jar;C:\Program Files\NetBeans 7.0.1\java\modules\ext\jaxws22\mimepull.jar;C:\Program Files\NetBeans 7.0.1\java\modules\ext\jaxws22\policy.jar;C:\Program Files\NetBeans 7.0.1\java\modules\ext\jaxws22\saaj-impl.jar;C:\Program Files\NetBeans 7.0.1\java\modules\ext\jaxws22\stax-ex.jar;C:\Program Files\NetBeans 7.0.1\java\modules\ext\jaxws22\streambuffer.jar;C:\Program Files\NetBeans 7.0.1\java\modules\ext\jaxws22\woodstox.jar;C:\Program Files\NetBeans 7.0.1\java\modules\ext\jaxws22\api\jaxws-api.jar;C:\Program Files\NetBeans 7.0.1\java\modules\ext\jaxws22\api\jsr181-api.jar;C:\Program Files\NetBeans 7.0.1\java\modules\ext\jaxws22\api\jsr250-api.jar;C:\Program Files\NetBeans 7.0.1\java\modules\ext\jaxws22\api\saaj-api.jar;C:\Program Files\NetBeans 7.0.1\ide\modules\ext\jaxb\activation.jar;C:\Program Files\NetBeans 7.0.1\ide\modules\ext\jaxb\api\jaxb-api.jar;C:\Program Files\NetBeans 7.0.1\ide\modules\ext\jaxb\api\jsr173_api.jar" />
    <property name="libs.struts.src" value="" />
    <property name="compile.on.save" value="false" />
    <property name="apple.awt.graphics.UseQuartz" value="true" />
    <property name="user.language" value="en" />
    <property name="libs.JAXB-ENDORSED.maven-pom" value="" />
    <property name="libs.spring-framework.classpath" value="C:\Program Files\NetBeans 7.0.1\ide\modules\ext\commons-logging-1.1.jar;C:\Program Files\NetBeans 7.0.1\java\modules\ext\cglib-2.2.jar;C:\Program Files\NetBeans 7.0.1\java\modules\ext\spring\spring-2.5.6.SEC01.jar" />
    <property name="profiler.settings.instrumentation.filter.selectedprofiler.filter.type" value="profiler.simple.filter" />
    <property name="libs.eclipselink.maven-pom" value="" />
    <property name="profiler.info.oomeprotection.dumppath" value="C:\IWM\Triton_VO\nbproject\private\profiler" />
    <property name="application.vendor" value="AUG" />
    <property name="profiler.settings.thread.cpu.timer.on" value="false" />
    <property name="manifest.available" value="true" />
    <property name="libs.primefaces.javadoc" value="" />
    <property name="libs.spring-framework300.maven-pom" value="" />
    <property name="run.test.classpath" value="lib/antlr-2.7.6.jar:lib/asm-attrs.jar:lib/asm.jar:lib/cglib-2.1.3.jar:lib/commons-collections-2.1.1.jar:lib/commons-logging-1.1.jar:lib/dom4j-1.6.1.jar:lib/ehcache-1.2.3.jar:lib/ejb3-persistence.jar:lib/hibernate-annotations.jar:lib/hibernate-commons-annotations.jar:lib/hibernate-entitymanager.jar:lib/hibernate-tools.jar:lib/hibernate3.jar:lib/javassist.jar:lib/jdbc2_0-stdext.jar:lib/jta.jar:lib/junit-4.8.2.jar:lib/postgresql-8.3-603.jdbc3.jar:build/classes:build/test/classes" />
    <property name="ant.project.invoked-targets" value="profile-test-single" />
    <property name="libs.swing-layout.javadoc" value="C:\Program Files\NetBeans 7.0.1\platform\docs\swing-layout-1.0.4-doc.zip" />
    <property name="libs.swing-app-framework.javadoc" value="C:\Program Files\NetBeans 7.0.1\java\docs\appframework-1.0.3-doc.zip" />
    <property name="libs.ejb3-persistence.maven-pom" value="" />
    <property name="libs.DataBindingME-SVG.classpath" value="C:\Program Files\NetBeans 7.0.1\mobility\modules\ext\netbeans_databindingme_svg.jar" />
    <property name="libs.PostgreSQLDriver.maven-pom" value="" />
    <property name="java.class.version" value="50.0" />
    <property name="libs.javaee-endorsed-api-6.0.src" value="" />
    <property name="libs.cdc-ant-utils.classpath" value="C:\Program Files\NetBeans 7.0.1\mobility\modules\ext\org-netbeans-modules-j2me-cdc-project.jar" />
    <property name="profiler.settings.instrumentation.root.methods.size" value="0" />
    <property name="netbeans.system_http_proxy" value="DIRECT" />
    <property name="libs.eclipselink.javadoc" value="" />
    <property name="libs.NetBeans MIDP Components WMA.maven-pom" value="" />
    <property name="file.reference.hibernate-annotations.jar" value="lib/hibernate-annotations.jar" />
    <property name="libs.jsp-compilation.maven-pom" value="" />
    <property name="user.properties.file" value="C:\Users\AUG\.netbeans\7.0\build.properties" />
    <property name="profiler.settings.instrumentation.marker.methods.size" value="0" />
    <property name="runtime.encoding" value="UTF-8" />
    <property name="libs.spring-framework.src" value="" />
    <property name="libs.javac-api.maven-pom" value="" />
    <property name="file.encoding.pkg" value="sun.io" />
    <property name="sun.cpu.endian" value="little" />
    <property name="libs.JAXB-ENDORSED.javadoc" value="" />
    <property name="libs.JWSAntTasks.classpath" value="C:\Program Files\NetBeans 7.0.1\java\ant\extra\org-netbeans-modules-javawebstart-anttasks.jar" />
    <property name="libs.spring-framework300.src" value="" />
    <property name="libs.ant-contrib.classpath" value="C:\Program Files\NetBeans 7.0.1\mobility\modules\ext\ant-contrib-1.0b3.jar" />
    <property name="ant.file.Triton_VO" value="C:\IWM\Triton_VO\build.xml" />
    <property name="empty.dir" value="C:\IWM\Triton_VO\build\empty" />
    <property name="version-output" value="java version &quot;1.6" />
    <property name="javadoc.preview" value="true" />
    <property name="java.home" value="C:\Program Files\Java\jdk1.6.0_26\jre" />
    <property name="libs.ojec-ant-utils.javadoc" value="" />
    <property name="libs.jsp-compilation.src" value="" />
    <property name="libs.ricoh-ant-utils.src" value="" />
    <property name="libs.spring-webmvc.src" value="" />
    <property name="libs.ant-contrib.javadoc" value="" />
    <property name="debug.test.classpath" value="lib/antlr-2.7.6.jar:lib/asm-attrs.jar:lib/asm.jar:lib/cglib-2.1.3.jar:lib/commons-collections-2.1.1.jar:lib/commons-logging-1.1.jar:lib/dom4j-1.6.1.jar:lib/ehcache-1.2.3.jar:lib/ejb3-persistence.jar:lib/hibernate-annotations.jar:lib/hibernate-commons-annotations.jar:lib/hibernate-entitymanager.jar:lib/hibernate-tools.jar:lib/hibernate3.jar:lib/javassist.jar:lib/jdbc2_0-stdext.jar:lib/jta.jar:lib/junit-4.8.2.jar:lib/postgresql-8.3-603.jdbc3.jar:build/classes:build/test/classes" />
    <property name="libs.javaee-endorsed-api-6.0.classpath" value="C:\Program Files\NetBeans 7.0.1\enterprise\modules\ext\javaee6-endorsed\javax.annotation.jar;C:\Program Files\NetBeans 7.0.1\enterprise\modules\ext\javaee6-endorsed\jaxb-api-osgi.jar;C:\Program Files\NetBeans 7.0.1\enterprise\modules\ext\javaee6-endorsed\webservices-api-osgi.jar" />
    <property name="libs.javaee-api-6.0.src" value="" />
    <property name="netbeans.importclass" value="org.netbeans.upgrade.AutoUpgrade" />
    <property name="ant.project.default-target" value="default" />
    <property name="annotation.processing.run.all.processors" value="true" />
    <property name="libs.savaje-ant-utils.classpath" value="C:\Program Files\NetBeans 7.0.1\mobility\modules\ext\org-netbeans-modules-j2me-cdc-project-savaje.jar" />
    <property name="libs.toplink.maven-pom" value="" />
    <property name="libs.DataBindingME.maven-pom" value="" />
    <property name="libs.PostgreSQLDriver.javadoc" value="" />
    <property name="libs.restlib.classpath" value="C:\Program Files\NetBeans 7.0.1\enterprise\modules\ext\rest\asm-3.1.jar;C:\Program Files\NetBeans 7.0.1\enterprise\modules\ext\rest\jackson-core-asl-1.1.1.jar;C:\Program Files\NetBeans 7.0.1\enterprise\modules\ext\rest\jersey-client-1.3.jar;C:\Program Files\NetBeans 7.0.1\enterprise\modules\ext\rest\jersey-core-1.3.jar;C:\Program Files\NetBeans 7.0.1\enterprise\modules\ext\rest\jersey-json-1.3.jar;C:\Program Files\NetBeans 7.0.1\enterprise\modules\ext\rest\jersey-multipart-1.3.jar;C:\Program Files\NetBeans 7.0.1\enterprise\modules\ext\rest\jersey-server-1.3.jar;C:\Program Files\NetBeans 7.0.1\enterprise\modules\ext\rest\jersey-spring-1.3.jar;C:\Program Files\NetBeans 7.0.1\enterprise\modules\ext\rest\jettison-1.1.jar;C:\Program Files\NetBeans 7.0.1\enterprise\modules\ext\rest\mimepull-1.4.jar;C:\Program Files\NetBeans 7.0.1\enterprise\modules\ext\rest\oauth-client-1.3.jar;C:\Program Files\NetBeans 7.0.1\enterprise\modules\ext\rest\oauth-signature-1.3.jar;C:\Program Files\NetBeans 7.0.1\ide\modules\ext\jaxb\activation.jar;C:\Program Files\NetBeans 7.0.1\ide\modules\ext\jaxb\api\jaxb-api.jar;C:\Program Files\NetBeans 7.0.1\ide\modules\ext\jaxb\api\jsr173_api.jar" />
    <property name="libs.JMUnit4CLDC11.javadoc" value="C:\Program Files\NetBeans 7.0.1\mobility\modules\docs\jmunit-1.2.1-api.zip" />
    <property name="profiler.settings.instrumentation.filter.selectedprofiler.simple.filter.name" value="" />
    <property name="libs.nsicom-ant-utils.maven-pom" value="" />
    <property name="libs.MySQLDriver.maven-pom" value="" />
    <property name="libs.savaje-ant-utils.src" value="" />
    <property name="file.reference.hibernate3.jar" value="lib/hibernate3.jar" />
    <property name="libs.junit_4.javadoc" value="C:\Users\AUG\.netbeans\7.0\docs\junit-4.8.2-api.zip" />
    <property name="libs.spring-webmvc.javadoc" value="" />
    <property name="libs.toplink.src" value="" />
    <property name="libs.javaee-web-api-6.0.maven-pom" value="" />
    <property name="libs.cdc-pp-awt-layout.classpath" value="C:\Program Files\NetBeans 7.0.1\mobility\modules\ext\cdc-pp-awt-layout.jar" />
    <property name="profiler.settigns.ispreset" value="true" />
    <property name="profile.class" value="com.aug.triton.db.entity.SensorCaliTest" />
    <property name="libs.cdc-agui-swing-layout.src" value="C:\Program Files\NetBeans 7.0.1\mobility\sources\cdc-agui-swing-layout-src.zip" />
    <property name="run.classpath" value="lib/antlr-2.7.6.jar:lib/asm-attrs.jar:lib/asm.jar:lib/cglib-2.1.3.jar:lib/commons-collections-2.1.1.jar:lib/commons-logging-1.1.jar:lib/dom4j-1.6.1.jar:lib/ehcache-1.2.3.jar:lib/ejb3-persistence.jar:lib/hibernate-annotations.jar:lib/hibernate-commons-annotations.jar:lib/hibernate-entitymanager.jar:lib/hibernate-tools.jar:lib/hibernate3.jar:lib/javassist.jar:lib/jdbc2_0-stdext.jar:lib/jta.jar:lib/junit-4.8.2.jar:lib/postgresql-8.3-603.jdbc3.jar:build/classes" />
    <property name="libs.hibernate-support.src" value="" />
    <property name="libs.javaee-endorsed-api-6.0.javadoc" value="C:\Program Files\NetBeans 7.0.1\enterprise\docs\javaee6-doc-api.zip" />
    <property name="libs.JMUnit4CLDC11.classpath" value="C:\Program Files\NetBeans 7.0.1\mobility\modules\ext\jmunit4cldc11-1.2.1.jar" />
    <property name="libs.nb_svg_midp_components.classpath" value="C:\Program Files\NetBeans 7.0.1\mobility\modules\ext\nb_svg_midp_components.jar" />
    <property name="profiler.settings.cpu.exclude.wait.time" value="true" />
    <property name="profiler.settings.override" value="false" />
    <property name="libs.spring-webmvc3.0.javadoc" value="" />
    <property name="file.reference.cglib-2.1.3.jar" value="lib/cglib-2.1.3.jar" />
    <property name="annotation.processing.enabled.in.editor" value="false" />
    <property name="libs.NetBeans MIDP Components PDA.classpath" value="C:\Program Files\NetBeans 7.0.1\mobility\modules\ext\netbeans_midp_components_pda.jar" />
    <property name="libs.semc-ant-utils.maven-pom" value="" />
    <property name="profiler.settings.cpu.quick.filterprofiler.simple.filter.type" value="1" />
    <property name="libs.nokiadeployment.maven-pom" value="" />
    <property name="profiler.session.args" value="" />
    <property name="libs.restapi.src" value="" />
    <property name="libs.NetBeans MIDP Components.javadoc" value="C:\Program Files\NetBeans 7.0.1\mobility\modules\docs\netbeans_midp_components_basic-api.zip" />
    <property name="sun.management.compiler" value="HotSpot Client Compiler" />
    <property name="javac.deprecation" value="false" />
    <property name="javadoc.use" value="true" />
    <property name="sun.java2d.noddraw" value="true" />
    <property name="libs.jsp-compiler.classpath" value="C:\Program Files\NetBeans 7.0.1\enterprise\ant\extra\jspcompile.jar" />
    <property name="javac.processorpath" value="lib/antlr-2.7.6.jar:lib/asm-attrs.jar:lib/asm.jar:lib/cglib-2.1.3.jar:lib/commons-collections-2.1.1.jar:lib/commons-logging-1.1.jar:lib/dom4j-1.6.1.jar:lib/ehcache-1.2.3.jar:lib/ejb3-persistence.jar:lib/hibernate-annotations.jar:lib/hibernate-commons-annotations.jar:lib/hibernate-entitymanager.jar:lib/hibernate-tools.jar:lib/hibernate3.jar:lib/javassist.jar:lib/jdbc2_0-stdext.jar:lib/jta.jar:lib/junit-4.8.2.jar:lib/postgresql-8.3-603.jdbc3.jar" />
    <property name="libs.spring-webmvc.classpath" value="C:\Program Files\NetBeans 7.0.1\enterprise\modules\ext\spring\spring-webmvc-2.5.6.SEC01.jar" />
    <property name="javac.compilerargs" value="" />
    <property name="ant.file" value="C:\IWM\Triton_VO\build.xml" />
    <property name="libs.beans-binding.maven-pom" value="" />
    <property name="libs.jsf12.classpath" value="C:\Program Files\NetBeans 7.0.1\enterprise\modules\ext\jsf-1_2\commons-beanutils.jar;C:\Program Files\NetBeans 7.0.1\enterprise\modules\ext\jsf-1_2\commons-collections.jar;C:\Program Files\NetBeans 7.0.1\enterprise\modules\ext\jsf-1_2\commons-digester.jar;C:\Program Files\NetBeans 7.0.1\enterprise\modules\ext\jsf-1_2\commons-logging.jar;C:\Program Files\NetBeans 7.0.1\enterprise\modules\ext\jsf-1_2\jsf-api.jar;C:\Program Files\NetBeans 7.0.1\enterprise\modules\ext\jsf-1_2\jsf-impl.jar" />
    <property name="sun.awt.exception.handler" value="org.netbeans.core.startup.TopLogging$AWTHandler" />
    <property name="libs.restapi.maven-pom" value="" />
    <property name="libs.beans-binding.src" value="" />
    <property name="libs.NetBeans MIDP Components PDA.javadoc" value="C:\Program Files\NetBeans 7.0.1\mobility\modules\docs\netbeans_midp_components_pda-api.zip" />
    <property name="libs.DataBindingME-PIM.javadoc" value="C:\Program Files\NetBeans 7.0.1\mobility\modules\docs\netbeans_databindingme_pim-api.zip" />
    <property name="java.vm.specification.vendor" value="Sun Microsystems Inc." />
    <property name="libs.swing-layout.src" value="C:\Program Files\NetBeans 7.0.1\platform\docs\swing-layout-1.0.4-src.zip" />
    <property name="libs.j2me_ant_ext.src" value="" />
    <property name="org.openide.major.version" value="IDE/1" />
    <property name="java.vm.name" value="Java HotSpot(TM) Client VM" />
    <property name="netbeans.user" value="C:\Users\AUG\.netbeans\7.0" />
    <property name="javadoc.additionalparam" value="" />
    <property name="libs.ricoh-ant-utils.classpath" value="C:\Program Files\NetBeans 7.0.1\mobility\modules\ext\org-netbeans-modules-j2me-cdc-project-ricoh.jar;C:\Program Files\NetBeans 7.0.1\mobility\modules\ext\RicohAntTasks-2.0.jar;C:\Program Files\NetBeans 7.0.1\mobility\modules\ext\commons-httpclient-3.0.jar;C:\Program Files\NetBeans 7.0.1\ide\modules\ext\commons-logging-1.1.jar;C:\Program Files\NetBeans 7.0.1\mobility\modules\ext\commons-codec-1.3.jar" />
    <property name="profiler.session.java.architecture" value="32" />
    <property name="java.vendor.url" value="http://java.sun.com/" />
    <property name="java.io.tmpdir" value="C:\Users\AUG\AppData\Local\Temp\" />
    <property name="endorsed.classpath.cmd.line.arg" value="" />
    <property name="profiler.settings.instrument.spawned.threads" value="false" />
    <property name="libs.jsp-compiler.src" value="" />
    <property name="have.sources" value="true" />
    <property name="sun.boot.library.path" value="C:\Program Files\Java\jdk1.6.0_26\jre\bin" />
    <property name="file.reference.hibernate-commons-annotations.jar" value="lib/hibernate-commons-annotations.jar" />
    <property name="debug.classpath" value="lib/antlr-2.7.6.jar:lib/asm-attrs.jar:lib/asm.jar:lib/cglib-2.1.3.jar:lib/commons-collections-2.1.1.jar:lib/commons-logging-1.1.jar:lib/dom4j-1.6.1.jar:lib/ehcache-1.2.3.jar:lib/ejb3-persistence.jar:lib/hibernate-annotations.jar:lib/hibernate-commons-annotations.jar:lib/hibernate-entitymanager.jar:lib/hibernate-tools.jar:lib/hibernate3.jar:lib/javassist.jar:lib/jdbc2_0-stdext.jar:lib/jta.jar:lib/junit-4.8.2.jar:lib/postgresql-8.3-603.jdbc3.jar:build/classes" />
    <property name="javadoc.private" value="false" />
    <property name="test.src.dir" value="test" />
    <property name="libs.jsf20.classpath" value="C:\Program Files\NetBeans 7.0.1\enterprise\modules\ext\jsf-2_1\jsf-api.jar;C:\Program Files\NetBeans 7.0.1\enterprise\modules\ext\jsf-2_1\jsf-impl.jar" />
    <property name="ap.processors.internal" value="" />
    <property name="meta.inf.dir" value="src/META-INF" />
    <property name="javadoc.encoding.used" value="UTF-8" />
    <property name="libs.DataBindingME-SVG.src" value="C:\Program Files\NetBeans 7.0.1\mobility\sources\netbeans_databindingme_svg-src.zip" />
    <property name="dist.jar" value="dist/Triton_VO.jar" />
    <property name="profiler.settings.code.region.cpu.res.buf.size" value="1000" />
    <property name="java.runtime.name" value="Java(TM) SE Runtime Environment" />
    <property name="profiler.info.jvmargs" value="-Xms5m -Xmx5m -XX:+HeapDumpOnOutOfMemoryError -XX:HeapDumpPath=C:\IWM\Triton_VO\nbproject\private\profiler " />
    <property name="ant.project.name" value="Triton_VO" />
    <property name="netbeans.hash.code" value="unique=NB_CND_GFMOD_GROOVY_JAVA_JC_MOB_PHP_WEBEE06d29931b-25e3-4341-a585-4ba4d3a53722_a3b053d5-14bb-49e5-b2e9-f2654d37e3ad" />
    <property name="libs.jsp-compilation-syscp.maven-pom" value="" />
    <property name="manifest.available-mkdist.available" value="true" />
    <property name="sun.cpu.isalist" value="" />
    <property name="libs.j2me_ant_ext.maven-pom" value="" />
    <property name="libs.CopyLibs.javadoc" value="" />
    <property name="profiler.settings.n.profiled.threads.limit" value="32" />
    <property name="org.openide.specification.version" value="6.2" />
    <property name="libs.ActiveSync.javadoc" value="" />
    <property name="libs.hibernate-support.classpath" value="C:\Program Files\NetBeans 7.0.1\java\modules\ext\hibernate\antlr-2.7.6.jar;C:\Program Files\NetBeans 7.0.1\java\modules\ext\hibernate\asm.jar;C:\Program Files\NetBeans 7.0.1\java\modules\ext\hibernate\asm-attrs.jar;C:\Program Files\NetBeans 7.0.1\java\modules\ext\hibernate\cglib-2.1.3.jar;C:\Program Files\NetBeans 7.0.1\java\modules\ext\hibernate\commons-collections-2.1.1.jar;C:\Program Files\NetBeans 7.0.1\ide\modules\ext\commons-logging-1.1.jar;C:\Program Files\NetBeans 7.0.1\java\modules\ext\hibernate\dom4j-1.6.1.jar;C:\Program Files\NetBeans 7.0.1\java\modules\ext\hibernate\ehcache-1.2.3.jar;C:\Program Files\NetBeans 7.0.1\java\modules\ext\hibernate\jdbc2_0-stdext.jar;C:\Program Files\NetBeans 7.0.1\java\modules\ext\hibernate\jta.jar;C:\Program Files\NetBeans 7.0.1\java\modules\ext\hibernate\hibernate3.jar;C:\Program Files\NetBeans 7.0.1\java\modules\ext\hibernate\hibernate-tools.jar;C:\Program Files\NetBeans 7.0.1\java\modules\ext\hibernate\hibernate-annotations.jar;C:\Program Files\NetBeans 7.0.1\java\modules\ext\hibernate\hibernate-commons-annotations.jar;C:\Program Files\NetBeans 7.0.1\java\modules\ext\hibernate\hibernate-entitymanager.jar;C:\Program Files\NetBeans 7.0.1\java\modules\ext\hibernate\javassist.jar" />
    <property name="libs.DataBindingME-PIM.classpath" value="C:\Program Files\NetBeans 7.0.1\mobility\modules\ext\netbeans_databindingme_pim.jar" />
    <property name="user.home" value="C:\Users\AUG" />
    <property name="annotation.processing.processors.list" value="" />
    <property name="debug-args-line" value="-Xdebug" />
    <property name="libs.primefaces.maven-pom" value="" />
    <property name="file.reference.commons-logging-1.1.jar" value="lib/commons-logging-1.1.jar" />
    <property name="libs.NetBeans MIDP Components.classpath" value="C:\Program Files\NetBeans 7.0.1\mobility\modules\ext\netbeans_midp_components_basic.jar" />
    <property name="libs.javaee-api-6.0.maven-pom" value="" />
    <property name="libs.JWSAntTasks.src" value="" />
    <property name="file.reference.hibernate-tools.jar" value="lib/hibernate-tools.jar" />
    <property name="libs.CopyLibs.maven-pom" value="" />
    <property name="jar.index" value="false" />
    <property name="libs.absolutelayout.javadoc" value="" />
    <property name="libs.spring-framework300.javadoc" value="" />
    <property name="libs.hibernate-persistence.maven-pom" value="" />
    <property name="guice.disable.misplaced.annotation.check" value="true" />
    <property name="java.specification.name" value="Java Platform API Specification" />
    <property name="libs.swing-app-framework.maven-pom" value="" />
    <property name="libs.jakarta_slide_ant_webdav.maven-pom" value="" />
    <property name="libs.NetBeans MIDP Components WMA.classpath" value="C:\Program Files\NetBeans 7.0.1\mobility\modules\ext\netbeans_midp_components_wma.jar" />
    <property name="profiler.settings.threads.monitoring.enabled" value="false" />
    <property name="libs.sjmc-ant-utils.src" value="" />
    <property name="java.specification.vendor" value="Sun Microsystems Inc." />
    <property name="libs.cdc-agui-swing-layout.javadoc" value="" />
    <property name="libs.javac-api.classpath" value="C:\Program Files\NetBeans 7.0.1\java\modules\ext\javac-api-nb-7.0-b07.jar" />
    <property name="libs.nokiaS80-ant-utils.classpath" value="C:\Program Files\NetBeans 7.0.1\mobility\modules\ext\org-netbeans-modules-j2me-cdc-project-nokiaS80.jar" />
    <property name="java.version" value="1.6.0_26" />
    <property name="javadoc.version" value="false" />
    <property name="libs.NetBeans MIDP Components WMA.javadoc" value="C:\Program Files\NetBeans 7.0.1\mobility\modules\docs\netbeans_midp_components_wma-api.zip" />
    <property name="libs.MySQLDriver.javadoc" value="" />
    <property name="org.openide.version" value="deprecated" />
    <property name="libs.ActiveSync.maven-pom" value="" />
    <property name="source.encoding" value="UTF-8" />
    <property name="ap.cmd.line.internal" value="" />
    <property name="libs.eclipselinkmodelgen.maven-pom" value="" />
    <property name="libs.jsp-compilation-syscp.javadoc" value="" />
    <property name="libs.junit.maven-pom" value="" />
    <property name="libs.eclipselinkmodelgen.javadoc" value="" />
    <property name="libs.metro.javadoc" value="C:\Program Files\NetBeans 7.0.1\enterprise\docs\metro-1.4-doc.zip" />
    <property name="libs.struts.maven-pom" value="" />
    <property name="netbeans.home+have.tests" value="true" />
    <property name="profiler.info.jvm" value="C:\Program Files\Java\jdk1.6.0_26\bin\java.exe" />
    <property name="annotation.processing.processor.options" value="" />
    <property name="libs.jaxb.src" value="" />
    <property name="work.dir" value="C:\IWM\Triton_VO" />
    <property name="libs.cdc-ant-utils.src" value="" />
    <property name="libs.jaxb.classpath" value="C:\Program Files\NetBeans 7.0.1\ide\modules\ext\jaxb\jaxb-impl.jar;C:\Program Files\NetBeans 7.0.1\ide\modules\ext\jaxb\jaxb-xjc.jar;C:\Program Files\NetBeans 7.0.1\ide\modules\ext\jaxb\jaxb1-impl.jar;C:\Program Files\NetBeans 7.0.1\ide\modules\ext\jaxb\activation.jar;C:\Program Files\NetBeans 7.0.1\ide\modules\ext\jaxb\api\jaxb-api.jar;C:\Program Files\NetBeans 7.0.1\ide\modules\ext\jaxb\api\jsr173_api.jar" />
    <property name="do.depend" value="false" />
    <property name="dist.javadoc.dir" value="dist/javadoc" />
    <property name="libs.spring-webmvc3.0.classpath" value="C:\Program Files\NetBeans 7.0.1\java\modules\ext\spring-3.0\spring-webmvc-3.0.2.RELEASE.jar" />
    <property name="libs.swing-layout.classpath" value="C:\Program Files\NetBeans 7.0.1\platform\modules\ext\swing-layout-1.0.4.jar" />
    <property name="file.reference.javassist.jar" value="lib/javassist.jar" />
    <property name="libs.restlib.src" value="" />
    <property name="build.generated.dir" value="build/generated" />
    <property name="javac.source" value="1.6" />
    <property name="profiler.info.dir" value="C:\IWM\Triton_VO" />
    <property name="line.separator" value="&#xd;&#xa;" />
    <property name="libs.hibernate-persistence.src" value="" />
    <property name="profiler.session.working.dir" value="C:\Program Files\NetBeans 7.0.1" />
    <property name="libs.nb_svg_midp_components.javadoc" value="C:\Program Files\NetBeans 7.0.1\mobility\modules\docs\nb_svg_midp_components-api.zip" />
    <property name="profiler.settings.cpu.quick.filterprofiler.simple.filter.name" value="Quick filter..." />
    <property name="java.specification.version" value="1.6" />
    <property name="libs.jaxws21.maven-pom" value="" />
    <property name="java.vm.info" value="mixed mode" />
    <property name="libs.cdc-ant-utils.javadoc" value="" />
    <property name="libs.ojec-ant-utils.classpath" value="C:\Program Files\NetBeans 7.0.1\mobility\modules\ext\org-netbeans-modules-j2me-cdc-project-ojec.jar" />
    <property name="libs.spring-framework.maven-pom" value="" />
    <property name="file.reference.ehcache-1.2.3.jar" value="lib/ehcache-1.2.3.jar" />
    <property name="sun.boot.class.path" value="C:\Program Files\Java\jdk1.6.0_26\jre\lib\resources.jar;C:\Program Files\Java\jdk1.6.0_26\jre\lib\rt.jar;C:\Program Files\Java\jdk1.6.0_26\jre\lib\sunrsasign.jar;C:\Program Files\Java\jdk1.6.0_26\jre\lib\jsse.jar;C:\Program Files\Java\jdk1.6.0_26\jre\lib\jce.jar;C:\Program Files\Java\jdk1.6.0_26\jre\lib\charsets.jar;C:\Program Files\Java\jdk1.6.0_26\jre\lib\modules\jdk.boot.jar;C:\Program Files\Java\jdk1.6.0_26\jre\classes;C:\Program Files\NetBeans 7.0.1\profiler\lib/jfluid-server.jar;C:\Program Files\NetBeans 7.0.1\profiler\lib/jfluid-server-15.jar" />
    <property name="javac.target" value="1.6" />
    <property name="built-jar.properties" value="C:\IWM\Triton_VO\build\built-jar.properties" />
    <property name="build.test.classes.dir" value="build/test/classes" />
    <property name="src.dir" value="src" />
    <property name="file.reference.hibernate-entitymanager.jar" value="lib/hibernate-entitymanager.jar" />
    <property name="annotation.processing.enabled" value="true" />
    <property name="sun.awt.keepWorkingSetOnMinimize" value="true" />
    <property name="libs.jsf20.src" value="" />
    <property name="profiler.settings.instrument.method.invoke" value="true" />
    <property name="libs.DataBindingME-SVG.maven-pom" value="" />
    <property name="libs.jsf12.src" value="" />
    <property name="libs.nokiadeployment.src" value="" />
    <property name="libs.savaje-ant-utils.javadoc" value="" />
    <property name="libs.struts.javadoc" value="C:\Program Files\NetBeans 7.0.1\enterprise\docs\struts-1.3.8-javadoc.zip" />
    <property name="libs.cdc-ant-utils.maven-pom" value="" />
    <property name="profiler.settings.override.working.dir" value="" />
    <property name="libs.primefaces.src" value="" />
    <property name="libs.cdc-agui-swing-layout.classpath" value="C:\Program Files\NetBeans 7.0.1\mobility\modules\ext\cdc-agui-swing-layout.jar" />
    <property name="profiler.settings.istrument.getter.setter.methods" value="false" />
    <property name="dist.dir" value="dist" />
    <property name="libs.groovy-all.javadoc" value="" />
    <property name="profiler.session.class.name" value="" />
    <property name="profiler.settings.profile.underlying.framework" value="false" />
    <property name="libs.sjmc-ant-utils.classpath" value="C:\Program Files\NetBeans 7.0.1\mobility\modules\ext\org-netbeans-modules-j2me-cdc-project-sjmc.jar" />
    <property name="libs.groovy-all.classpath" value="C:\Program Files\NetBeans 7.0.1\groovy\modules\ext\groovy-all.jar" />
    <property name="javac.fork" value="true" />
    <property name="libs.JMUnit4CLDC10.classpath" value="C:\Program Files\NetBeans 7.0.1\mobility\modules\ext\jmunit4cldc10-1.2.1.jar" />
    <property name="java.awt.printerjob" value="sun.awt.windows.WPrinterJob" />
    <property name="default.javac.source" value="1.6" />
    <property name="profiler.session.java.version" value="jdk16" />
    <property name="debug-transport-by-os" value="dt_shmem" />
    <property name="sun.jnu.encoding" value="Cp1252" />
    <property name="libs.MySQLDriver.src" value="" />
    <property name="libs.ant-contrib.maven-pom" value="" />
    <property name="libs.nokiadeployment.javadoc" value="" />
    <property name="profiler.settings.obj.alloc.stack.sampling.depth" value="-10" />
    <property name="build.test.results.dir" value="build/test/results" />
    <property name="java.runtime.version" value="1.6.0_26-b03" />
    <property name="libs.ejb3-persistence.javadoc" value="" />
    <property name="file.reference.commons-collections-2.1.1.jar" value="lib/commons-collections-2.1.1.jar" />
    <property name="libs.NetBeans MIDP Components.src" value="C:\Program Files\NetBeans 7.0.1\mobility\sources\netbeans_midp_components_basic-src.zip" />
    <property name="libs.sjmc-ant-utils.javadoc" value="" />
    <property name="profiler.session.class.path" value="lib/antlr-2.7.6.jar:lib/asm-attrs.jar:lib/asm.jar:lib/cglib-2.1.3.jar:lib/commons-collections-2.1.1.jar:lib/commons-logging-1.1.jar:lib/dom4j-1.6.1.jar:lib/ehcache-1.2.3.jar:lib/ejb3-persistence.jar:lib/hibernate-annotations.jar:lib/hibernate-commons-annotations.jar:lib/hibernate-entitymanager.jar:lib/hibernate-tools.jar:lib/hibernate3.jar:lib/javassist.jar:lib/jdbc2_0-stdext.jar:lib/jta.jar:lib/junit-4.8.2.jar:lib/postgresql-8.3-603.jdbc3.jar:build/classes" />
    <property name="default.javac.target" value="1.6" />
    <property name="libs.junit_4.classpath" value="C:\Users\AUG\.netbeans\7.0\modules\ext\junit-4.8.2.jar" />
    <property name="user.timezone" value="America/New_York" />
    <property name="do.jar" value="true" />
    <property name="libs.javaee-endorsed-api-6.0.maven-pom" value="" />
    <property name="libs.ant-contrib.src" value="" />
    <property name="netbeans.dirs" value="C:\Program Files\NetBeans 7.0.1\nb;C:\Program Files\NetBeans 7.0.1\ergonomics;C:\Program Files\NetBeans 7.0.1\ide;C:\Program Files\NetBeans 7.0.1\java;C:\Program Files\NetBeans 7.0.1\xml;C:\Program Files\NetBeans 7.0.1\apisupport;C:\Program Files\NetBeans 7.0.1\webcommon;C:\Program Files\NetBeans 7.0.1\websvccommon;C:\Program Files\NetBeans 7.0.1\enterprise;C:\Program Files\NetBeans 7.0.1\mobility;C:\Program Files\NetBeans 7.0.1\profiler;C:\Program Files\NetBeans 7.0.1\ruby;C:\Program Files\NetBeans 7.0.1\python;C:\Program Files\NetBeans 7.0.1\php;C:\Program Files\NetBeans 7.0.1\visualweb;C:\Program Files\NetBeans 7.0.1\soa;C:\Program Files\NetBeans 7.0.1\identity;C:\Program Files\NetBeans 7.0.1\uml;C:\Program Files\NetBeans 7.0.1\harness;C:\Program Files\NetBeans 7.0.1\cnd;C:\Program Files\NetBeans 7.0.1\dlight;C:\Program Files\NetBeans 7.0.1\groovy;C:\Program Files\NetBeans 7.0.1\extra;C:\Program Files\NetBeans 7.0.1\javafx;C:\Program Files\NetBeans 7.0.1\javacard" />
    <property name="libs.jsf20.javadoc" value="C:\Program Files\NetBeans 7.0.1\enterprise\docs\javaee6-doc-api.zip" />
    <property name="java.ext.dirs" value="C:\Program Files\Java\jdk1.6.0_26\jre\lib\ext;C:\Windows\Sun\Java\lib\ext" />
    <property name="file.reference.asm-attrs.jar" value="lib/asm-attrs.jar" />
    <property name="libs.metro.src" value="" />
    <property name="libs.savaje-ant-utils.maven-pom" value="" />
    <property name="endorsed.classpath" value="" />
    <property name="libs.semc-ant-utils.src" value="" />
    <property name="libs.absolutelayout.classpath" value="C:\Program Files\NetBeans 7.0.1\java\modules\ext\AbsoluteLayout.jar" />
    <property name="file.reference.postgresql-8.3-603.jdbc3.jar" value="lib/postgresql-8.3-603.jdbc3.jar" />
    <property name="excludes" value="" />
    <property name="libs.restlib.maven-pom" value="" />
    <property name="libs.metro.classpath" value="C:\Program Files\NetBeans 7.0.1\ide\modules\ext\jaxb\activation.jar;C:\Program Files\NetBeans 7.0.1\enterprise\modules\ext\metro\webservices-api.jar;C:\Program Files\NetBeans 7.0.1\enterprise\modules\ext\metro\webservices-extra-api.jar;C:\Program Files\NetBeans 7.0.1\enterprise\modules\ext\metro\webservices-extra.jar;C:\Program Files\NetBeans 7.0.1\enterprise\modules\ext\metro\webservices-rt.jar;C:\Program Files\NetBeans 7.0.1\enterprise\modules\ext\metro\webservices-tools.jar" />
    <property name="libs.DataBindingME.javadoc" value="C:\Program Files\NetBeans 7.0.1\mobility\modules\docs\netbeans_databindingme-api.zip" />
    <property name="apple.laf.useScreenMenuBar" value="true" />
    <property name="java.class.path" value="C:\IWM\Triton_VO\lib\antlr-2.7.6.jar;C:\IWM\Triton_VO\lib\asm-attrs.jar;C:\IWM\Triton_VO\lib\asm.jar;C:\IWM\Triton_VO\lib\cglib-2.1.3.jar;C:\IWM\Triton_VO\lib\commons-collections-2.1.1.jar;C:\IWM\Triton_VO\lib\commons-logging-1.1.jar;C:\IWM\Triton_VO\lib\dom4j-1.6.1.jar;C:\IWM\Triton_VO\lib\ehcache-1.2.3.jar;C:\IWM\Triton_VO\lib\ejb3-persistence.jar;C:\IWM\Triton_VO\lib\hibernate-annotations.jar;C:\IWM\Triton_VO\lib\hibernate-commons-annotations.jar;C:\IWM\Triton_VO\lib\hibernate-entitymanager.jar;C:\IWM\Triton_VO\lib\hibernate-tools.jar;C:\IWM\Triton_VO\lib\hibernate3.jar;C:\IWM\Triton_VO\lib\javassist.jar;C:\IWM\Triton_VO\lib\jdbc2_0-stdext.jar;C:\IWM\Triton_VO\lib\jta.jar;C:\IWM\Triton_VO\lib\junit-4.8.2.jar;C:\IWM\Triton_VO\lib\postgresql-8.3-603.jdbc3.jar;C:\IWM\Triton_VO\build\classes;C:\IWM\Triton_VO\build\test\classes;C:\Program Files\NetBeans 7.0.1\java\ant\lib\ant-launcher.jar;C:\Program Files\NetBeans 7.0.1\java\ant\lib\ant.jar;C:\Program Files\NetBeans 7.0.1\java\ant\lib\ant-junit.jar;C:\Program Files\NetBeans 7.0.1\java\ant\lib\ant-junit4.jar" />
    <property name="do.mkdist" value="true" />
    <property name="libs.absolutelayout.src" value="" />
    <property name="profiler.settings.instrument.empty.methods" value="false" />
    <property name="file.reference.antlr-2.7.6.jar" value="lib/antlr-2.7.6.jar" />
    <property name="libs.cdc-pp-awt-layout.maven-pom" value="" />
    <property name="os.version" value="6.0" />
    <property name="application.args" value="" />
    <property name="profiler.settings.threads.sampling.enabled" value="true" />
    <property name="libs.JMUnit4CLDC11.maven-pom" value="" />
    <property name="profiler.session.java.executable" value="C:\Program Files\Java\jdk1.6.0_26\bin\java.exe" />
    <property name="libs.toplink.javadoc" value="" />
    <property name="sun.desktop" value="windows" />
    <property name="libs.nb_svg_midp_components.maven-pom" value="" />
    <property name="libs.ricoh-ant-utils.javadoc" value="" />
    <property name="libs.NetBeans MIDP Components PDA.maven-pom" value="" />
    <property name="libs.restlib.javadoc" value="C:\Program Files\NetBeans 7.0.1\enterprise\docs\jersey-client-1.3-javadoc.zip;C:\Program Files\NetBeans 7.0.1\enterprise\docs\jersey-core-1.1.5.1-javadoc.zip;C:\Program Files\NetBeans 7.0.1\enterprise\docs\jersey-json-1.3-javadoc.zip;C:\Program Files\NetBeans 7.0.1\enterprise\docs\jersey-multipart-1.3-javadoc.zip;C:\Program Files\NetBeans 7.0.1\enterprise\docs\jersey-spring-1.3-javadoc.zip;C:\Program Files\NetBeans 7.0.1\enterprise\docs\oauth-client-1.3-javadoc.zip;C:\Program Files\NetBeans 7.0.1\enterprise\docs\oauth-signature-1.3-javadoc.zip" />
    <property name="libs.JAXB-ENDORSED.classpath" value="C:\Program Files\NetBeans 7.0.1\ide\modules\ext\jaxb\api\jaxb-api.jar" />
    <property name="libs.eclipselink.classpath" value="C:\Program Files\NetBeans 7.0.1\java\modules\ext\eclipselink\eclipselink-2.2.0.jar;C:\Program Files\NetBeans 7.0.1\java\modules\ext\eclipselink\eclipselink-javax.persistence-2.0.jar" />
    <property name="profiler.settings.settings.name" value="Analyze Memory" />
    <property name="java.awt.graphicsenv" value="sun.awt.Win32GraphicsEnvironment" />
    <property name="libs.beans-binding.javadoc" value="C:\Program Files\NetBeans 7.0.1\java\docs\beansbinding-1.2.1-doc.zip" />
    <property name="ant.file.type.Triton_VO-impl" value="file" />
    <property name="profiler.info.jvmargs.agent" value="-agentpath:C:/Program Files/NetBeans 7.0.1/profiler/lib/deployed/jdk16/windows/profilerinterface.dll=C:\Program Files\NetBeans 7.0.1\profiler\lib,5140,10" />
    <property name="java.vm.vendor" value="Sun Microsystems Inc." />
    <property name="libs.CopyLibs.classpath" value="C:/Program Files/NetBeans 7.0.1/java/ant/extra/org-netbeans-modules-java-j2seproject-copylibstask.jar" />
    <property name="libs.spring-framework300.classpath" value="C:\Program Files\NetBeans 7.0.1\ide\modules\ext\commons-logging-1.1.jar;C:\Program Files\NetBeans 7.0.1\java\modules\ext\cglib-2.2.jar;C:\Program Files\NetBeans 7.0.1\java\modules\ext\spring-3.0\spring-aop-3.0.2.RELEASE.jar;C:\Program Files\NetBeans 7.0.1\java\modules\ext\spring-3.0\spring-asm-3.0.2.RELEASE.jar;C:\Program Files\NetBeans 7.0.1\java\modules\ext\spring-3.0\spring-aspects-3.0.2.RELEASE.jar;C:\Program Files\NetBeans 7.0.1\java\modules\ext\spring-3.0\spring-beans-3.0.2.RELEASE.jar;C:\Program Files\NetBeans 7.0.1\java\modules\ext\spring-3.0\spring-context-3.0.2.RELEASE.jar;C:\Program Files\NetBeans 7.0.1\java\modules\ext\spring-3.0\spring-context-support-3.0.2.RELEASE.jar;C:\Program Files\NetBeans 7.0.1\java\modules\ext\spring-3.0\spring-core-3.0.2.RELEASE.jar;C:\Program Files\NetBeans 7.0.1\java\modules\ext\spring-3.0\spring-expression-3.0.2.RELEASE.jar;C:\Program Files\NetBeans 7.0.1\java\modules\ext\spring-3.0\spring-instrument-3.0.2.RELEASE.jar;C:\Program Files\NetBeans 7.0.1\java\modules\ext\spring-3.0\spring-instrument-tomcat-3.0.2.RELEASE.jar;C:\Program Files\NetBeans 7.0.1\java\modules\ext\spring-3.0\spring-jdbc-3.0.2.RELEASE.jar;C:\Program Files\NetBeans 7.0.1\java\modules\ext\spring-3.0\spring-jms-3.0.2.RELEASE.jar;C:\Program Files\NetBeans 7.0.1\java\modules\ext\spring-3.0\spring-orm-3.0.2.RELEASE.jar;C:\Program Files\NetBeans 7.0.1\java\modules\ext\spring-3.0\spring-oxm-3.0.2.RELEASE.jar;C:\Program Files\NetBeans 7.0.1\java\modules\ext\spring-3.0\spring-test-3.0.2.RELEASE.jar;C:\Program Files\NetBeans 7.0.1\java\modules\ext\spring-3.0\spring-tx-3.0.2.RELEASE.jar;C:\Program Files\NetBeans 7.0.1\java\modules\ext\spring-3.0\spring-web-3.0.2.RELEASE.jar;C:\Program Files\NetBeans 7.0.1\java\modules\ext\spring-3.0\spring-webmvc-portlet-3.0.2.RELEASE.jar;C:\Program Files\NetBeans 7.0.1\java\modules\ext\spring-3.0\spring-webmvc-3.0.2.RELEASE.jar;C:\Program Files\NetBeans 7.0.1\java\modules\ext\spring-3.0\spring-struts-3.0.2.RELEASE.jar" />
    <property name="libs.jsp-compiler.maven-pom" value="" />
    <property name="libs.spring-webmvc.maven-pom" value="" />
    <property name="run.jvmargs" value="-Xms5m -Xmx5m" />
    <property name="libs.ejb3-persistence.classpath" value="C:\Program Files\NetBeans 7.0.1\java\modules\ext\hibernate\ejb3-persistence.jar" />
    <property name="libs.JAXB-ENDORSED.src" value="" />
    <property name="libs.spring-framework.javadoc" value="" />
    <property name="libs.DataBindingME-PIM.src" value="C:\Program Files\NetBeans 7.0.1\mobility\sources\netbeans_databindingme_pim-src.zip" />
    <property name="libs.PostgreSQLDriver.classpath" value="C:\Program Files\NetBeans 7.0.1\ide\modules\ext\postgresql-8.3-603.jdbc3.jar" />
    <property name="libs.jsf12.maven-pom" value="" />
    <property name="libs.junit.src" value="" />
    <property name="annotation.processing.source.output" value="build/generated-sources/ap-source-output" />
    <property name="main.class" value="" />
    <property name="build.dir" value="build" />
    <property name="libs.CopyLibs.src" value="" />
    <property name="libs.jsp-compilation.classpath" value="C:\Program Files\NetBeans 7.0.1\java\ant\lib\ant.jar;C:\Program Files\NetBeans 7.0.1\enterprise\modules\ext\servlet3.0-jsp2.2-api.jar;C:\Program Files\NetBeans 7.0.1\enterprise\modules\ext\glassfish-jspparser-3.0.jar;C:\Program Files\NetBeans 7.0.1\enterprise\modules\ext\jsf-2_1\jsf-api.jar;C:\Program Files\NetBeans 7.0.1\enterprise\modules\ext\jstl.jar;C:\Program Files\NetBeans 7.0.1\java\ant\lib\ant-launcher.jar" />
    <property name="ant.version" value="Apache Ant(TM) version 1.8.2 compiled on December 20 2010" />
    <property name="file.encoding" value="Cp1252" />
    <property name="build.classes.excludes" value="**/*.java,**/*.form" />
    <property name="javadoc.nonavbar" value="false" />
    <property name="jdkBug6558476" value="true" />
    <property name="platform.active" value="default_platform" />
    <property name="awt.toolkit" value="sun.awt.windows.WToolkit" />
    <property name="profiler.settings.cpu.profiling.type" value="0" />
  </properties>
  <testcase classname="com.aug.triton.db.entity.SensorCaliTest" name="testCreate" time="427.786">
    <error message="Batch entry 0 insert into sensor_cali_test (lastcalibrated, offset_, readingadjustment, maxcurrent, maxvalue, mincurrent, minvalue, shuntresistance, devicechannel, sensor_id, id) values (test, 7.0, 3.0, 5.0, 6.0, 3.0, 3.0, 4.0, test2, NULL, 1) was aborted.  Call getNextException to see the cause." type="com.aug.triton.db.exception.AppException">com.aug.triton.db.exception.AppException: Batch entry 0 insert into sensor_cali_test (lastcalibrated, offset_, readingadjustment, maxcurrent, maxvalue, mincurrent, minvalue, shuntresistance, devicechannel, sensor_id, id) values (test, 7.0, 3.0, 5.0, 6.0, 3.0, 3.0, 4.0, test2, NULL, 1) was aborted.  Call getNextException to see the cause.
	at com.aug.triton.db.dao.SensorCaliDAOImpl.create(SensorCaliDAOImpl.java:29)
	at com.aug.triton.db.entity.SensorCaliTest.testCreate(SensorCaliTest.java:46)
</error>
  </testcase>
  <system-out><![CDATA[]]></system-out>
  <system-err><![CDATA[18-May-2012 1:23:38 PM org.hibernate.cfg.annotations.Version <clinit>
INFO: Hibernate Annotations 3.3.1.GA
18-May-2012 1:23:38 PM org.hibernate.cfg.Environment <clinit>
INFO: Hibernate 3.2.5
18-May-2012 1:23:38 PM org.hibernate.cfg.Environment <clinit>
INFO: hibernate.properties not found
18-May-2012 1:23:38 PM org.hibernate.cfg.Environment buildBytecodeProvider
INFO: Bytecode provider name : cglib
18-May-2012 1:23:38 PM org.hibernate.cfg.Environment <clinit>
INFO: using JDK 1.4 java.sql.Timestamp handling
*** Profiler engine warning: class sun.reflect.GeneratedConstructorAccessor1 that should be instrumented is not loaded by target VM
*** Requested classloader: sun.reflect.DelegatingClassLoader@387202, its class = class sun.reflect.DelegatingClassLoader, index = 4, hashcode = 3699202
*** Profiler engine warning: target VM cannot load class to instrument sun.reflect.GeneratedConstructorAccessor1
*** probably it has been unloaded recently
18-May-2012 1:23:39 PM org.hibernate.cfg.Configuration configure
INFO: configuring from resource: /hibernate.cfg.xml
18-May-2012 1:23:39 PM org.hibernate.cfg.Configuration getConfigurationInputStream
INFO: Configuration resource: /hibernate.cfg.xml
18-May-2012 1:23:39 PM org.hibernate.cfg.Configuration addResource
INFO: Reading mappings from resource : com/aug/triton/db/entity/SpectraReading.hbm.xml
18-May-2012 1:23:40 PM org.hibernate.cfg.Configuration addResource
INFO: Reading mappings from resource : com/aug/triton/db/entity/SensorReading.hbm.xml
18-May-2012 1:23:40 PM org.hibernate.cfg.Configuration addResource
INFO: Reading mappings from resource : com/aug/triton/db/entity/FinalDetectionResult.hbm.xml
18-May-2012 1:23:40 PM org.hibernate.cfg.Configuration addResource
INFO: Reading mappings from resource : com/aug/triton/db/entity/Cont.hbm.xml
18-May-2012 1:23:40 PM org.hibernate.cfg.Configuration addResource
INFO: Reading mappings from resource : com/aug/triton/db/entity/Sensor.hbm.xml
18-May-2012 1:23:40 PM org.hibernate.cfg.Configuration addResource
INFO: Reading mappings from resource : com/aug/triton/db/entity/Location.hbm.xml
18-May-2012 1:23:40 PM org.hibernate.cfg.Configuration addResource
INFO: Reading mappings from resource : com/aug/triton/db/entity/TapRef.hbm.xml
18-May-2012 1:23:41 PM org.hibernate.cfg.Configuration addResource
INFO: Reading mappings from resource : com/aug/triton/db/entity/TapRefData.hbm.xml
18-May-2012 1:23:41 PM org.hibernate.cfg.Configuration addResource
INFO: Reading mappings from resource : com/aug/triton/db/entity/PotentialCont.hbm.xml
18-May-2012 1:23:41 PM org.hibernate.cfg.Configuration addResource
INFO: Reading mappings from resource : com/aug/triton/db/entity/SpectraDetection.hbm.xml
18-May-2012 1:23:41 PM org.hibernate.cfg.Configuration addResource
INFO: Reading mappings from resource : com/aug/triton/db/entity/EventLog.hbm.xml
18-May-2012 1:23:41 PM org.hibernate.cfg.Configuration addResource
INFO: Reading mappings from resource : com/aug/triton/db/entity/SpectraConfig.hbm.xml
18-May-2012 1:23:41 PM org.hibernate.cfg.Configuration addResource
INFO: Reading mappings from resource : com/aug/triton/db/entity/SystemConfig.hbm.xml
18-May-2012 1:23:41 PM org.hibernate.cfg.Configuration addResource
INFO: Reading mappings from resource : com/aug/triton/db/entity/LabMeasurement.hbm.xml
18-May-2012 1:23:41 PM org.hibernate.cfg.Configuration addResource
INFO: Reading mappings from resource : com/aug/triton/db/entity/SensorBaseline.hbm.xml
18-May-2012 1:23:41 PM org.hibernate.cfg.Configuration addResource
INFO: Reading mappings from resource : com/aug/triton/db/entity/SensorBaselineSquare.hbm.xml
18-May-2012 1:23:41 PM org.hibernate.cfg.Configuration addResource
INFO: Reading mappings from resource : com/aug/triton/db/entity/StripChart.hbm.xml
18-May-2012 1:23:41 PM org.hibernate.cfg.Configuration addResource
INFO: Reading mappings from resource : com/aug/triton/db/entity/SpectraCaliGroup.hbm.xml
18-May-2012 1:23:41 PM org.hibernate.cfg.Configuration addResource
INFO: Reading mappings from resource : com/aug/triton/db/entity/SpectraCaliGroupSample.hbm.xml
18-May-2012 1:23:41 PM org.hibernate.cfg.Configuration addResource
INFO: Reading mappings from resource : com/aug/triton/db/entity/SpectraCaliSampleData.hbm.xml
18-May-2012 1:23:41 PM org.hibernate.cfg.Configuration addResource
INFO: Reading mappings from resource : com/aug/triton/db/entity/SpectraBaseline.hbm.xml
18-May-2012 1:23:42 PM org.hibernate.cfg.Configuration addResource
INFO: Reading mappings from resource : com/aug/triton/db/entity/SpectraBaselineSquare.hbm.xml
18-May-2012 1:23:42 PM org.hibernate.cfg.Configuration addResource
INFO: Reading mappings from resource : com/aug/triton/db/entity/SensorReadingGroup.hbm.xml
18-May-2012 1:23:42 PM org.hibernate.cfg.Configuration addResource
INFO: Reading mappings from resource : com/aug/triton/db/entity/FinalDetectionSensorGroup.hbm.xml
18-May-2012 1:23:42 PM org.hibernate.cfg.Configuration addResource
INFO: Reading mappings from resource : com/aug/triton/db/entity/FinalDetectionSpectraDetection.hbm.xml
18-May-2012 1:23:42 PM org.hibernate.cfg.Configuration addResource
INFO: Reading mappings from resource : com/aug/triton/db/entity/SensorCali.hbm.xml
18-May-2012 1:23:42 PM org.hibernate.cfg.Configuration doConfigure
INFO: Configured SessionFactory: null
18-May-2012 1:23:42 PM org.hibernate.cfg.HbmBinder bindRootPersistentClassCommonValues
INFO: Mapping class: com.aug.triton.db.entity.SpectraReading -> spectra_reading
18-May-2012 1:23:43 PM org.hibernate.cfg.HbmBinder bindRootPersistentClassCommonValues
INFO: Mapping class: com.aug.triton.db.entity.SensorReading -> sensor_reading
18-May-2012 1:23:43 PM org.hibernate.cfg.HbmBinder bindRootPersistentClassCommonValues
INFO: Mapping class: com.aug.triton.db.entity.FinalDetectionResult -> final_detection_result
18-May-2012 1:23:43 PM org.hibernate.cfg.HbmBinder bindRootPersistentClassCommonValues
INFO: Mapping class: com.aug.triton.db.entity.Cont -> cont
18-May-2012 1:23:43 PM org.hibernate.cfg.HbmBinder bindRootPersistentClassCommonValues
INFO: Mapping class: com.aug.triton.db.entity.Sensor -> sensor
18-May-2012 1:23:43 PM org.hibernate.cfg.HbmBinder bindRootPersistentClassCommonValues
INFO: Mapping class: com.aug.triton.db.entity.Location -> location
18-May-2012 1:23:43 PM org.hibernate.cfg.HbmBinder bindRootPersistentClassCommonValues
INFO: Mapping class: com.aug.triton.db.entity.TapRef -> tap_ref
18-May-2012 1:23:43 PM org.hibernate.cfg.HbmBinder bindRootPersistentClassCommonValues
INFO: Mapping class: com.aug.triton.db.entity.TapRefData -> tap_ref_data
18-May-2012 1:23:43 PM org.hibernate.cfg.HbmBinder bindRootPersistentClassCommonValues
INFO: Mapping class: com.aug.triton.db.entity.PotentialCont -> potential_cont
18-May-2012 1:23:43 PM org.hibernate.cfg.HbmBinder bindRootPersistentClassCommonValues
INFO: Mapping class: com.aug.triton.db.entity.SpectraDetection -> spectra_detection
18-May-2012 1:23:43 PM org.hibernate.cfg.HbmBinder bindRootPersistentClassCommonValues
INFO: Mapping class: com.aug.triton.db.entity.EventLog -> event_log
18-May-2012 1:23:43 PM org.hibernate.cfg.HbmBinder bindRootPersistentClassCommonValues
INFO: Mapping class: com.aug.triton.db.entity.SpectraConfig -> spectra_config
18-May-2012 1:23:43 PM org.hibernate.cfg.HbmBinder bindRootPersistentClassCommonValues
INFO: Mapping class: com.aug.triton.db.entity.SystemConfig -> system_config
18-May-2012 1:23:43 PM org.hibernate.cfg.HbmBinder bindRootPersistentClassCommonValues
INFO: Mapping class: com.aug.triton.db.entity.LabMeasurement -> lab_measurement
18-May-2012 1:23:43 PM org.hibernate.cfg.HbmBinder bindRootPersistentClassCommonValues
INFO: Mapping class: com.aug.triton.db.entity.SensorBaseline -> sensor_baseline
18-May-2012 1:23:43 PM org.hibernate.cfg.HbmBinder bindRootPersistentClassCommonValues
INFO: Mapping class: com.aug.triton.db.entity.SensorBaselineSquare -> sensor_baseline_square
18-May-2012 1:23:43 PM org.hibernate.cfg.HbmBinder bindRootPersistentClassCommonValues
INFO: Mapping class: com.aug.triton.db.entity.StripChart -> strip_chart
18-May-2012 1:23:43 PM org.hibernate.cfg.HbmBinder bindRootPersistentClassCommonValues
INFO: Mapping class: com.aug.triton.db.entity.SpectraCaliGroup -> spectra_cali_group
18-May-2012 1:23:43 PM org.hibernate.cfg.HbmBinder bindRootPersistentClassCommonValues
INFO: Mapping class: com.aug.triton.db.entity.SpectraCaliGroupSample -> spectra_cali_group_sample
18-May-2012 1:23:43 PM org.hibernate.cfg.HbmBinder bindRootPersistentClassCommonValues
INFO: Mapping class: com.aug.triton.db.entity.SpectraCaliSampleData -> spectra_cali_sample_data
18-May-2012 1:23:43 PM org.hibernate.cfg.HbmBinder bindRootPersistentClassCommonValues
INFO: Mapping class: com.aug.triton.db.entity.SpectraBaseline -> spectra_baseline
18-May-2012 1:23:43 PM org.hibernate.cfg.HbmBinder bindRootPersistentClassCommonValues
INFO: Mapping class: com.aug.triton.db.entity.SpectraBaselineSquare -> spectra_baseline_square
18-May-2012 1:23:43 PM org.hibernate.cfg.HbmBinder bindRootPersistentClassCommonValues
INFO: Mapping class: com.aug.triton.db.entity.SensorReadingGroup -> sensor_reading_group
18-May-2012 1:23:43 PM org.hibernate.cfg.HbmBinder bindRootPersistentClassCommonValues
INFO: Mapping class: com.aug.triton.db.entity.FinalDetectionSensorGroup -> final_detection_sensor_group
18-May-2012 1:23:43 PM org.hibernate.cfg.HbmBinder bindRootPersistentClassCommonValues
INFO: Mapping class: com.aug.triton.db.entity.FinalDetectionSpectraDetection -> final_detection_spectra_detection
18-May-2012 1:23:44 PM org.hibernate.cfg.HbmBinder bindRootPersistentClassCommonValues
INFO: Mapping class: com.aug.triton.db.entity.SensorCali -> sensor_cali_test
18-May-2012 1:23:44 PM org.hibernate.cfg.HbmBinder bindCollectionSecondPass
INFO: Mapping collection: com.aug.triton.db.entity.Cont.potentialConts -> potential_cont
18-May-2012 1:23:44 PM org.hibernate.cfg.HbmBinder bindCollectionSecondPass
INFO: Mapping collection: com.aug.triton.db.entity.Sensor.sensorReadings -> sensor_reading
18-May-2012 1:23:44 PM org.hibernate.cfg.HbmBinder bindCollectionSecondPass
INFO: Mapping collection: com.aug.triton.db.entity.TapRef.tapRefDatas -> tap_ref_data
18-May-2012 1:23:44 PM org.hibernate.cfg.HbmBinder bindCollectionSecondPass
INFO: Mapping collection: com.aug.triton.db.entity.SpectraDetection.spectraReadings -> spectra_reading
18-May-2012 1:23:44 PM org.hibernate.cfg.HbmBinder bindCollectionSecondPass
INFO: Mapping collection: com.aug.triton.db.entity.SpectraDetection.potentialConts -> potential_cont
18-May-2012 1:23:44 PM org.hibernate.cfg.HbmBinder bindCollectionSecondPass
INFO: Mapping collection: com.aug.triton.db.entity.SpectraDetection.finalDetectionResults -> final_detection_result
18-May-2012 1:23:44 PM org.hibernate.cfg.HbmBinder bindCollectionSecondPass
INFO: Mapping collection: com.aug.triton.db.entity.SensorReadingGroup.sensorReadings -> sensor_reading
18-May-2012 1:23:44 PM org.hibernate.cfg.AnnotationConfiguration secondPassCompile
INFO: Hibernate Validator not found: ignoring
18-May-2012 1:23:44 PM org.hibernate.connection.DriverManagerConnectionProvider configure
INFO: Using Hibernate built-in connection pool (not for production use!)
18-May-2012 1:23:44 PM org.hibernate.connection.DriverManagerConnectionProvider configure
INFO: Hibernate connection pool size: 20
18-May-2012 1:23:44 PM org.hibernate.connection.DriverManagerConnectionProvider configure
INFO: autocommit mode: false
18-May-2012 1:23:44 PM org.hibernate.connection.DriverManagerConnectionProvider configure
INFO: using driver: org.postgresql.Driver at URL: jdbc:postgresql://demeter:5432/iwm
18-May-2012 1:23:44 PM org.hibernate.connection.DriverManagerConnectionProvider configure
INFO: connection properties: {user=iwm, password=****}
18-May-2012 1:23:44 PM org.hibernate.cfg.SettingsFactory buildSettings
INFO: RDBMS: PostgreSQL, version: 9.0.4
18-May-2012 1:23:44 PM org.hibernate.cfg.SettingsFactory buildSettings
INFO: JDBC driver: PostgreSQL Native Driver, version: PostgreSQL 8.3 JDBC3 with SSL (build 603)
18-May-2012 1:23:44 PM org.hibernate.dialect.Dialect <init>
INFO: Using dialect: org.hibernate.dialect.PostgreSQLDialect
18-May-2012 1:23:45 PM org.hibernate.transaction.TransactionFactoryFactory buildTransactionFactory
INFO: Using default transaction strategy (direct JDBC transactions)
18-May-2012 1:23:45 PM org.hibernate.transaction.TransactionManagerLookupFactory getTransactionManagerLookup
INFO: No TransactionManagerLookup configured (in JTA environment, use of read-write or transactional second-level cache is not recommended)
18-May-2012 1:23:45 PM org.hibernate.cfg.SettingsFactory buildSettings
INFO: Automatic flush during beforeCompletion(): disabled
18-May-2012 1:23:45 PM org.hibernate.cfg.SettingsFactory buildSettings
INFO: Automatic session close at end of transaction: disabled
18-May-2012 1:23:45 PM org.hibernate.cfg.SettingsFactory buildSettings
INFO: JDBC batch size: 15
18-May-2012 1:23:45 PM org.hibernate.cfg.SettingsFactory buildSettings
INFO: JDBC batch updates for versioned data: disabled
18-May-2012 1:23:45 PM org.hibernate.cfg.SettingsFactory buildSettings
INFO: Scrollable result sets: enabled
18-May-2012 1:23:45 PM org.hibernate.cfg.SettingsFactory buildSettings
INFO: JDBC3 getGeneratedKeys(): disabled
18-May-2012 1:23:45 PM org.hibernate.cfg.SettingsFactory buildSettings
INFO: Connection release mode: auto
18-May-2012 1:23:45 PM org.hibernate.cfg.SettingsFactory buildSettings
INFO: Default batch fetch size: 1
18-May-2012 1:23:45 PM org.hibernate.cfg.SettingsFactory buildSettings
INFO: Generate SQL with comments: disabled
18-May-2012 1:23:45 PM org.hibernate.cfg.SettingsFactory buildSettings
INFO: Order SQL updates by primary key: disabled
18-May-2012 1:23:45 PM org.hibernate.cfg.SettingsFactory buildSettings
INFO: Order SQL inserts for batching: disabled
18-May-2012 1:23:45 PM org.hibernate.cfg.SettingsFactory createQueryTranslatorFactory
INFO: Query translator: org.hibernate.hql.ast.ASTQueryTranslatorFactory
18-May-2012 1:23:45 PM org.hibernate.hql.ast.ASTQueryTranslatorFactory <init>
INFO: Using ASTQueryTranslatorFactory
18-May-2012 1:23:45 PM org.hibernate.cfg.SettingsFactory buildSettings
INFO: Query language substitutions: {}
18-May-2012 1:23:45 PM org.hibernate.cfg.SettingsFactory buildSettings
INFO: JPA-QL strict compliance: disabled
18-May-2012 1:23:45 PM org.hibernate.cfg.SettingsFactory buildSettings
INFO: Second-level cache: enabled
18-May-2012 1:23:45 PM org.hibernate.cfg.SettingsFactory buildSettings
INFO: Query cache: disabled
18-May-2012 1:23:45 PM org.hibernate.cfg.SettingsFactory createCacheProvider
INFO: Cache provider: org.hibernate.cache.NoCacheProvider
18-May-2012 1:23:45 PM org.hibernate.cfg.SettingsFactory buildSettings
INFO: Optimize cache for minimal puts: disabled
18-May-2012 1:23:45 PM org.hibernate.cfg.SettingsFactory buildSettings
INFO: Structured second-level cache entries: disabled
18-May-2012 1:23:45 PM org.hibernate.cfg.SettingsFactory buildSettings
INFO: Statistics: disabled
18-May-2012 1:23:45 PM org.hibernate.cfg.SettingsFactory buildSettings
INFO: Deleted entity synthetic identifier rollback: disabled
18-May-2012 1:23:45 PM org.hibernate.cfg.SettingsFactory buildSettings
INFO: Default entity-mode: pojo
18-May-2012 1:23:45 PM org.hibernate.cfg.SettingsFactory buildSettings
INFO: Named query checking : enabled
18-May-2012 1:23:45 PM org.hibernate.impl.SessionFactoryImpl <init>
INFO: building session factory
*** Profiler engine warning: class sun.reflect.GeneratedConstructorAccessor2 that should be instrumented is not loaded by target VM
*** Requested classloader: sun.reflect.DelegatingClassLoader@18c6916, its class = class sun.reflect.DelegatingClassLoader, index = 7, hashcode = 25979158
*** Profiler engine warning: target VM cannot load class to instrument sun.reflect.GeneratedConstructorAccessor2
*** probably it has been unloaded recently
18-May-2012 1:23:49 PM org.hibernate.impl.SessionFactoryObjectFactory addInstance
INFO: Not binding factory to JNDI, no JNDI name configured
*** Profiler engine warning: class sun.reflect.GeneratedSerializationConstructorAccessor1 that should be instrumented is not loaded by target VM
*** Requested classloader: sun.reflect.DelegatingClassLoader@1dce4ff, its class = class sun.reflect.DelegatingClassLoader, index = 22, hashcode = 31253759
*** Profiler engine warning: target VM cannot load class to instrument sun.reflect.GeneratedSerializationConstructorAccessor1
*** probably it has been unloaded recently
*** Profiler engine warning: class sun.reflect.GeneratedSerializationConstructorAccessor2 that should be instrumented is not loaded by target VM
*** Requested classloader: sun.reflect.DelegatingClassLoader@754707, its class = class sun.reflect.DelegatingClassLoader, index = 23, hashcode = 7685895
*** Profiler engine warning: target VM cannot load class to instrument sun.reflect.GeneratedSerializationConstructorAccessor2
*** probably it has been unloaded recently
*** Profiler engine warning: class sun.reflect.GeneratedSerializationConstructorAccessor3 that should be instrumented is not loaded by target VM
*** Requested classloader: sun.reflect.DelegatingClassLoader@14a921a, its class = class sun.reflect.DelegatingClassLoader, index = 24, hashcode = 21664282
*** Profiler engine warning: target VM cannot load class to instrument sun.reflect.GeneratedSerializationConstructorAccessor3
*** probably it has been unloaded recently
*** Profiler engine warning: class sun.reflect.GeneratedSerializationConstructorAccessor4 that should be instrumented is not loaded by target VM
*** Requested classloader: sun.reflect.DelegatingClassLoader@795bc5, its class = class sun.reflect.DelegatingClassLoader, index = 25, hashcode = 7953349
*** Profiler engine warning: target VM cannot load class to instrument sun.reflect.GeneratedSerializationConstructorAccessor4
*** probably it has been unloaded recently
*** Profiler engine warning: class sun.reflect.GeneratedSerializationConstructorAccessor5 that should be instrumented is not loaded by target VM
*** Requested classloader: sun.reflect.DelegatingClassLoader@1ed01c8, its class = class sun.reflect.DelegatingClassLoader, index = 26, hashcode = 32309704
*** Profiler engine warning: target VM cannot load class to instrument sun.reflect.GeneratedSerializationConstructorAccessor5
*** probably it has been unloaded recently
*** Profiler engine warning: class sun.reflect.GeneratedSerializationConstructorAccessor6 that should be instrumented is not loaded by target VM
*** Requested classloader: sun.reflect.DelegatingClassLoader@13734e9, its class = class sun.reflect.DelegatingClassLoader, index = 27, hashcode = 20395241
*** Profiler engine warning: target VM cannot load class to instrument sun.reflect.GeneratedSerializationConstructorAccessor6
*** probably it has been unloaded recently
*** Profiler engine warning: class sun.reflect.GeneratedSerializationConstructorAccessor7 that should be instrumented is not loaded by target VM
*** Requested classloader: sun.reflect.DelegatingClassLoader@573557, its class = class sun.reflect.DelegatingClassLoader, index = 28, hashcode = 5715287
*** Profiler engine warning: target VM cannot load class to instrument sun.reflect.GeneratedSerializationConstructorAccessor7
*** probably it has been unloaded recently
*** Profiler engine warning: class sun.reflect.GeneratedConstructorAccessor3 that should be instrumented is not loaded by target VM
*** Requested classloader: sun.reflect.DelegatingClassLoader@fbf8a5, its class = class sun.reflect.DelegatingClassLoader, index = 29, hashcode = 16513189
*** Profiler engine warning: target VM cannot load class to instrument sun.reflect.GeneratedConstructorAccessor3
*** probably it has been unloaded recently
*** Profiler engine warning: class sun.reflect.GeneratedSerializationConstructorAccessor8 that should be instrumented is not loaded by target VM
*** Requested classloader: sun.reflect.DelegatingClassLoader@19fce53, its class = class sun.reflect.DelegatingClassLoader, index = 30, hashcode = 27250259
*** Profiler engine warning: target VM cannot load class to instrument sun.reflect.GeneratedSerializationConstructorAccessor8
*** probably it has been unloaded recently
*** Profiler engine warning: class sun.reflect.GeneratedSerializationConstructorAccessor9 that should be instrumented is not loaded by target VM
*** Requested classloader: sun.reflect.DelegatingClassLoader@712b2f, its class = class sun.reflect.DelegatingClassLoader, index = 31, hashcode = 7416623
*** Profiler engine warning: target VM cannot load class to instrument sun.reflect.GeneratedSerializationConstructorAccessor9
*** probably it has been unloaded recently
*** Profiler engine warning: class sun.reflect.GeneratedSerializationConstructorAccessor10 that should be instrumented is not loaded by target VM
*** Requested classloader: sun.reflect.DelegatingClassLoader@70f94c, its class = class sun.reflect.DelegatingClassLoader, index = 32, hashcode = 7403852
*** Profiler engine warning: target VM cannot load class to instrument sun.reflect.GeneratedSerializationConstructorAccessor10
*** probably it has been unloaded recently
*** Profiler engine warning: class sun.reflect.GeneratedSerializationConstructorAccessor11 that should be instrumented is not loaded by target VM
*** Requested classloader: sun.reflect.DelegatingClassLoader@10b9eb6, its class = class sun.reflect.DelegatingClassLoader, index = 33, hashcode = 17538742
*** Profiler engine warning: target VM cannot load class to instrument sun.reflect.GeneratedSerializationConstructorAccessor11
*** probably it has been unloaded recently
*** Profiler engine warning: class sun.reflect.GeneratedSerializationConstructorAccessor12 that should be instrumented is not loaded by target VM
*** Requested classloader: sun.reflect.DelegatingClassLoader@19e75a, its class = class sun.reflect.DelegatingClassLoader, index = 34, hashcode = 1697626
*** Profiler engine warning: target VM cannot load class to instrument sun.reflect.GeneratedSerializationConstructorAccessor12
*** probably it has been unloaded recently
*** Profiler engine warning: class sun.reflect.GeneratedSerializationConstructorAccessor13 that should be instrumented is not loaded by target VM
*** Requested classloader: sun.reflect.DelegatingClassLoader@53569a, its class = class sun.reflect.DelegatingClassLoader, index = 35, hashcode = 5461658
*** Profiler engine warning: target VM cannot load class to instrument sun.reflect.GeneratedSerializationConstructorAccessor13
*** probably it has been unloaded recently
*** Profiler engine warning: class sun.reflect.GeneratedSerializationConstructorAccessor14 that should be instrumented is not loaded by target VM
*** Requested classloader: sun.reflect.DelegatingClassLoader@ade065, its class = class sun.reflect.DelegatingClassLoader, index = 36, hashcode = 11395173
*** Profiler engine warning: target VM cannot load class to instrument sun.reflect.GeneratedSerializationConstructorAccessor14
*** probably it has been unloaded recently
*** Profiler engine warning: class sun.reflect.GeneratedSerializationConstructorAccessor15 that should be instrumented is not loaded by target VM
*** Requested classloader: sun.reflect.DelegatingClassLoader@19272a9, its class = class sun.reflect.DelegatingClassLoader, index = 37, hashcode = 26374825
*** Profiler engine warning: target VM cannot load class to instrument sun.reflect.GeneratedSerializationConstructorAccessor15
*** probably it has been unloaded recently
*** Profiler engine warning: class sun.reflect.GeneratedSerializationConstructorAccessor16 that should be instrumented is not loaded by target VM
*** Requested classloader: sun.reflect.DelegatingClassLoader@49af03, its class = class sun.reflect.DelegatingClassLoader, index = 38, hashcode = 4828931
*** Profiler engine warning: target VM cannot load class to instrument sun.reflect.GeneratedSerializationConstructorAccessor16
*** probably it has been unloaded recently
*** Profiler engine warning: class sun.reflect.GeneratedSerializationConstructorAccessor17 that should be instrumented is not loaded by target VM
*** Requested classloader: sun.reflect.DelegatingClassLoader@1b3ac8d, its class = class sun.reflect.DelegatingClassLoader, index = 39, hashcode = 28552333
*** Profiler engine warning: target VM cannot load class to instrument sun.reflect.GeneratedSerializationConstructorAccessor17
*** probably it has been unloaded recently
*** Profiler engine warning: class sun.reflect.GeneratedSerializationConstructorAccessor18 that should be instrumented is not loaded by target VM
*** Requested classloader: sun.reflect.DelegatingClassLoader@e3150c, its class = class sun.reflect.DelegatingClassLoader, index = 40, hashcode = 14882060
*** Profiler engine warning: target VM cannot load class to instrument sun.reflect.GeneratedSerializationConstructorAccessor18
*** probably it has been unloaded recently
*** Profiler engine warning: class sun.reflect.GeneratedSerializationConstructorAccessor19 that should be instrumented is not loaded by target VM
*** Requested classloader: sun.reflect.DelegatingClassLoader@1d49df3, its class = class sun.reflect.DelegatingClassLoader, index = 41, hashcode = 30711283
*** Profiler engine warning: target VM cannot load class to instrument sun.reflect.GeneratedSerializationConstructorAccessor19
*** probably it has been unloaded recently
*** Profiler engine warning: class sun.reflect.GeneratedSerializationConstructorAccessor20 that should be instrumented is not loaded by target VM
*** Requested classloader: sun.reflect.DelegatingClassLoader@1157032, its class = class sun.reflect.DelegatingClassLoader, index = 42, hashcode = 18182194
*** Profiler engine warning: target VM cannot load class to instrument sun.reflect.GeneratedSerializationConstructorAccessor20
*** probably it has been unloaded recently
*** Profiler engine warning: class sun.reflect.GeneratedSerializationConstructorAccessor21 that should be instrumented is not loaded by target VM
*** Requested classloader: sun.reflect.DelegatingClassLoader@8957cd, its class = class sun.reflect.DelegatingClassLoader, index = 43, hashcode = 9000909
*** Profiler engine warning: target VM cannot load class to instrument sun.reflect.GeneratedSerializationConstructorAccessor21
*** probably it has been unloaded recently
*** Profiler engine warning: class sun.reflect.GeneratedSerializationConstructorAccessor22 that should be instrumented is not loaded by target VM
*** Requested classloader: sun.reflect.DelegatingClassLoader@181ad9f, its class = class sun.reflect.DelegatingClassLoader, index = 45, hashcode = 25275807
*** Profiler engine warning: target VM cannot load class to instrument sun.reflect.GeneratedSerializationConstructorAccessor22
*** probably it has been unloaded recently
*** Profiler engine warning: class sun.reflect.GeneratedSerializationConstructorAccessor23 that should be instrumented is not loaded by target VM
*** Requested classloader: sun.reflect.DelegatingClassLoader@12d419c, its class = class sun.reflect.DelegatingClassLoader, index = 46, hashcode = 19743132
*** Profiler engine warning: target VM cannot load class to instrument sun.reflect.GeneratedSerializationConstructorAccessor23
*** probably it has been unloaded recently
*** Profiler engine warning: class sun.reflect.GeneratedSerializationConstructorAccessor24 that should be instrumented is not loaded by target VM
*** Requested classloader: sun.reflect.DelegatingClassLoader@154e153, its class = class sun.reflect.DelegatingClassLoader, index = 47, hashcode = 22339923
*** Profiler engine warning: target VM cannot load class to instrument sun.reflect.GeneratedSerializationConstructorAccessor24
*** probably it has been unloaded recently
*** Profiler engine warning: class sun.reflect.GeneratedSerializationConstructorAccessor25 that should be instrumented is not loaded by target VM
*** Requested classloader: sun.reflect.DelegatingClassLoader@a8436c, its class = class sun.reflect.DelegatingClassLoader, index = 48, hashcode = 11027308
*** Profiler engine warning: target VM cannot load class to instrument sun.reflect.GeneratedSerializationConstructorAccessor25
*** probably it has been unloaded recently
*** Profiler engine warning: class sun.reflect.GeneratedSerializationConstructorAccessor26 that should be instrumented is not loaded by target VM
*** Requested classloader: sun.reflect.DelegatingClassLoader@a43cf6, its class = class sun.reflect.DelegatingClassLoader, index = 49, hashcode = 10763510
*** Profiler engine warning: target VM cannot load class to instrument sun.reflect.GeneratedSerializationConstructorAccessor26
*** probably it has been unloaded recently
*** Profiler engine warning: class sun.reflect.GeneratedSerializationConstructorAccessor27 that should be instrumented is not loaded by target VM
*** Requested classloader: sun.reflect.DelegatingClassLoader@10f6bff, its class = class sun.reflect.DelegatingClassLoader, index = 50, hashcode = 17787903
*** Profiler engine warning: target VM cannot load class to instrument sun.reflect.GeneratedSerializationConstructorAccessor27
*** probably it has been unloaded recently
*** Profiler engine warning: class sun.reflect.GeneratedSerializationConstructorAccessor28 that should be instrumented is not loaded by target VM
*** Requested classloader: sun.reflect.DelegatingClassLoader@156d038, its class = class sun.reflect.DelegatingClassLoader, index = 51, hashcode = 22466616
*** Profiler engine warning: target VM cannot load class to instrument sun.reflect.GeneratedSerializationConstructorAccessor28
*** probably it has been unloaded recently
*** Profiler engine warning: class sun.reflect.GeneratedSerializationConstructorAccessor29 that should be instrumented is not loaded by target VM
*** Requested classloader: sun.reflect.DelegatingClassLoader@b515f2, its class = class sun.reflect.DelegatingClassLoader, index = 52, hashcode = 11867634
*** Profiler engine warning: target VM cannot load class to instrument sun.reflect.GeneratedSerializationConstructorAccessor29
*** probably it has been unloaded recently
*** Profiler engine warning: class sun.reflect.GeneratedSerializationConstructorAccessor30 that should be instrumented is not loaded by target VM
*** Requested classloader: sun.reflect.DelegatingClassLoader@5065d4, its class = class sun.reflect.DelegatingClassLoader, index = 89, hashcode = 5268948
*** Profiler engine warning: target VM cannot load class to instrument sun.reflect.GeneratedSerializationConstructorAccessor30
*** probably it has been unloaded recently
*** Profiler engine warning: class sun.reflect.GeneratedSerializationConstructorAccessor31 that should be instrumented is not loaded by target VM
*** Requested classloader: sun.reflect.DelegatingClassLoader@109622e, its class = class sun.reflect.DelegatingClassLoader, index = 90, hashcode = 17392174
*** Profiler engine warning: target VM cannot load class to instrument sun.reflect.GeneratedSerializationConstructorAccessor31
*** probably it has been unloaded recently
*** Profiler engine warning: class sun.reflect.GeneratedSerializationConstructorAccessor32 that should be instrumented is not loaded by target VM
*** Requested classloader: sun.reflect.DelegatingClassLoader@158758a, its class = class sun.reflect.DelegatingClassLoader, index = 91, hashcode = 22574474
*** Profiler engine warning: target VM cannot load class to instrument sun.reflect.GeneratedSerializationConstructorAccessor32
*** probably it has been unloaded recently
*** Profiler engine warning: class sun.reflect.GeneratedSerializationConstructorAccessor33 that should be instrumented is not loaded by target VM
*** Requested classloader: sun.reflect.DelegatingClassLoader@1057d49, its class = class sun.reflect.DelegatingClassLoader, index = 92, hashcode = 17136969
*** Profiler engine warning: target VM cannot load class to instrument sun.reflect.GeneratedSerializationConstructorAccessor33
*** probably it has been unloaded recently
*** Profiler engine warning: class sun.reflect.GeneratedSerializationConstructorAccessor34 that should be instrumented is not loaded by target VM
*** Requested classloader: sun.reflect.DelegatingClassLoader@132271f, its class = class sun.reflect.DelegatingClassLoader, index = 93, hashcode = 20064031
*** Profiler engine warning: target VM cannot load class to instrument sun.reflect.GeneratedSerializationConstructorAccessor34
*** probably it has been unloaded recently
*** Profiler engine warning: class sun.reflect.GeneratedSerializationConstructorAccessor35 that should be instrumented is not loaded by target VM
*** Requested classloader: sun.reflect.DelegatingClassLoader@122a0f1, its class = class sun.reflect.DelegatingClassLoader, index = 94, hashcode = 19046641
*** Profiler engine warning: target VM cannot load class to instrument sun.reflect.GeneratedSerializationConstructorAccessor35
*** probably it has been unloaded recently
*** Profiler engine warning: class sun.reflect.GeneratedSerializationConstructorAccessor36 that should be instrumented is not loaded by target VM
*** Requested classloader: sun.reflect.DelegatingClassLoader@1dc41e2, its class = class sun.reflect.DelegatingClassLoader, index = 95, hashcode = 31212002
*** Profiler engine warning: target VM cannot load class to instrument sun.reflect.GeneratedSerializationConstructorAccessor36
*** probably it has been unloaded recently
*** Profiler engine warning: class sun.reflect.GeneratedSerializationConstructorAccessor37 that should be instrumented is not loaded by target VM
*** Requested classloader: sun.reflect.DelegatingClassLoader@1d957ac, its class = class sun.reflect.DelegatingClassLoader, index = 96, hashcode = 31020972
*** Profiler engine warning: target VM cannot load class to instrument sun.reflect.GeneratedSerializationConstructorAccessor37
*** probably it has been unloaded recently
*** Profiler engine warning: class sun.reflect.GeneratedSerializationConstructorAccessor38 that should be instrumented is not loaded by target VM
*** Requested classloader: sun.reflect.DelegatingClassLoader@56e76c, its class = class sun.reflect.DelegatingClassLoader, index = 97, hashcode = 5695340
*** Profiler engine warning: target VM cannot load class to instrument sun.reflect.GeneratedSerializationConstructorAccessor38
*** probably it has been unloaded recently
*** Profiler engine warning: class sun.reflect.GeneratedSerializationConstructorAccessor39 that should be instrumented is not loaded by target VM
*** Requested classloader: sun.reflect.DelegatingClassLoader@c7f15a, its class = class sun.reflect.DelegatingClassLoader, index = 98, hashcode = 13103450
*** Profiler engine warning: target VM cannot load class to instrument sun.reflect.GeneratedSerializationConstructorAccessor39
*** probably it has been unloaded recently
*** Profiler engine warning: class sun.reflect.GeneratedSerializationConstructorAccessor40 that should be instrumented is not loaded by target VM
*** Requested classloader: sun.reflect.DelegatingClassLoader@43790, its class = class sun.reflect.DelegatingClassLoader, index = 99, hashcode = 276368
*** Profiler engine warning: target VM cannot load class to instrument sun.reflect.GeneratedSerializationConstructorAccessor40
*** probably it has been unloaded recently
*** Profiler engine warning: class sun.reflect.GeneratedSerializationConstructorAccessor41 that should be instrumented is not loaded by target VM
*** Requested classloader: sun.reflect.DelegatingClassLoader@1fd5eda, its class = class sun.reflect.DelegatingClassLoader, index = 100, hashcode = 33382106
*** Profiler engine warning: target VM cannot load class to instrument sun.reflect.GeneratedSerializationConstructorAccessor41
*** probably it has been unloaded recently
*** Profiler engine warning: class sun.reflect.GeneratedSerializationConstructorAccessor42 that should be instrumented is not loaded by target VM
*** Requested classloader: sun.reflect.DelegatingClassLoader@133d160, its class = class sun.reflect.DelegatingClassLoader, index = 101, hashcode = 20173152
*** Profiler engine warning: target VM cannot load class to instrument sun.reflect.GeneratedSerializationConstructorAccessor42
*** probably it has been unloaded recently
*** Profiler engine warning: class sun.reflect.GeneratedSerializationConstructorAccessor43 that should be instrumented is not loaded by target VM
*** Requested classloader: sun.reflect.DelegatingClassLoader@f9525d, its class = class sun.reflect.DelegatingClassLoader, index = 105, hashcode = 16339549
*** Profiler engine warning: target VM cannot load class to instrument sun.reflect.GeneratedSerializationConstructorAccessor43
*** probably it has been unloaded recently
*** Profiler engine warning: class sun.reflect.GeneratedSerializationConstructorAccessor44 that should be instrumented is not loaded by target VM
*** Requested classloader: sun.reflect.DelegatingClassLoader@1c0e2d0, its class = class sun.reflect.DelegatingClassLoader, index = 106, hashcode = 29418192
*** Profiler engine warning: target VM cannot load class to instrument sun.reflect.GeneratedSerializationConstructorAccessor44
*** probably it has been unloaded recently
*** Profiler engine warning: class sun.reflect.GeneratedSerializationConstructorAccessor45 that should be instrumented is not loaded by target VM
*** Requested classloader: sun.reflect.DelegatingClassLoader@1e0246b, its class = class sun.reflect.DelegatingClassLoader, index = 107, hashcode = 31466603
*** Profiler engine warning: target VM cannot load class to instrument sun.reflect.GeneratedSerializationConstructorAccessor45
*** probably it has been unloaded recently
*** Profiler engine warning: class sun.reflect.GeneratedSerializationConstructorAccessor46 that should be instrumented is not loaded by target VM
*** Requested classloader: sun.reflect.DelegatingClassLoader@6d4c5c, its class = class sun.reflect.DelegatingClassLoader, index = 108, hashcode = 7162972
*** Profiler engine warning: target VM cannot load class to instrument sun.reflect.GeneratedSerializationConstructorAccessor46
*** probably it has been unloaded recently
*** Profiler engine warning: class sun.reflect.GeneratedSerializationConstructorAccessor47 that should be instrumented is not loaded by target VM
*** Requested classloader: sun.reflect.DelegatingClassLoader@13114fb, its class = class sun.reflect.DelegatingClassLoader, index = 109, hashcode = 19993851
*** Profiler engine warning: target VM cannot load class to instrument sun.reflect.GeneratedSerializationConstructorAccessor47
*** probably it has been unloaded recently
*** Profiler engine warning: class sun.reflect.GeneratedSerializationConstructorAccessor48 that should be instrumented is not loaded by target VM
*** Requested classloader: sun.reflect.DelegatingClassLoader@11753e9, its class = class sun.reflect.DelegatingClassLoader, index = 110, hashcode = 18306025
*** Profiler engine warning: target VM cannot load class to instrument sun.reflect.GeneratedSerializationConstructorAccessor48
*** probably it has been unloaded recently
*** Profiler engine warning: class sun.reflect.GeneratedSerializationConstructorAccessor49 that should be instrumented is not loaded by target VM
*** Requested classloader: sun.reflect.DelegatingClassLoader@19414ed, its class = class sun.reflect.DelegatingClassLoader, index = 111, hashcode = 26481901
*** Profiler engine warning: target VM cannot load class to instrument sun.reflect.GeneratedSerializationConstructorAccessor49
*** probably it has been unloaded recently
*** Profiler engine warning: class sun.reflect.GeneratedSerializationConstructorAccessor50 that should be instrumented is not loaded by target VM
*** Requested classloader: sun.reflect.DelegatingClassLoader@a5a17c, its class = class sun.reflect.DelegatingClassLoader, index = 112, hashcode = 10854780
*** Profiler engine warning: target VM cannot load class to instrument sun.reflect.GeneratedSerializationConstructorAccessor50
*** probably it has been unloaded recently
*** Profiler engine warning: class sun.reflect.GeneratedSerializationConstructorAccessor51 that should be instrumented is not loaded by target VM
*** Requested classloader: sun.reflect.DelegatingClassLoader@1c90fda, its class = class sun.reflect.DelegatingClassLoader, index = 113, hashcode = 29954010
*** Profiler engine warning: target VM cannot load class to instrument sun.reflect.GeneratedSerializationConstructorAccessor51
*** probably it has been unloaded recently
*** Profiler engine warning: class sun.reflect.GeneratedSerializationConstructorAccessor52 that should be instrumented is not loaded by target VM
*** Requested classloader: sun.reflect.DelegatingClassLoader@1ec907f, its class = class sun.reflect.DelegatingClassLoader, index = 114, hashcode = 32280703
*** Profiler engine warning: target VM cannot load class to instrument sun.reflect.GeneratedSerializationConstructorAccessor52
*** probably it has been unloaded recently
*** Profiler engine warning: class sun.reflect.GeneratedSerializationConstructorAccessor53 that should be instrumented is not loaded by target VM
*** Requested classloader: sun.reflect.DelegatingClassLoader@1e5be88, its class = class sun.reflect.DelegatingClassLoader, index = 115, hashcode = 31833736
*** Profiler engine warning: target VM cannot load class to instrument sun.reflect.GeneratedSerializationConstructorAccessor53
*** probably it has been unloaded recently
*** Profiler engine warning: class sun.reflect.GeneratedSerializationConstructorAccessor54 that should be instrumented is not loaded by target VM
*** Requested classloader: sun.reflect.DelegatingClassLoader@da860d, its class = class sun.reflect.DelegatingClassLoader, index = 116, hashcode = 14321165
*** Profiler engine warning: target VM cannot load class to instrument sun.reflect.GeneratedSerializationConstructorAccessor54
*** probably it has been unloaded recently
*** Profiler engine warning: class sun.reflect.GeneratedSerializationConstructorAccessor55 that should be instrumented is not loaded by target VM
*** Requested classloader: sun.reflect.DelegatingClassLoader@1681561, its class = class sun.reflect.DelegatingClassLoader, index = 117, hashcode = 23598433
*** Profiler engine warning: target VM cannot load class to instrument sun.reflect.GeneratedSerializationConstructorAccessor55
*** probably it has been unloaded recently
*** Profiler engine warning: class sun.reflect.GeneratedSerializationConstructorAccessor56 that should be instrumented is not loaded by target VM
*** Requested classloader: sun.reflect.DelegatingClassLoader@33dcd, its class = class sun.reflect.DelegatingClassLoader, index = 118, hashcode = 212429
*** Profiler engine warning: target VM cannot load class to instrument sun.reflect.GeneratedSerializationConstructorAccessor56
*** probably it has been unloaded recently
*** Profiler engine warning: class sun.reflect.GeneratedSerializationConstructorAccessor57 that should be instrumented is not loaded by target VM
*** Requested classloader: sun.reflect.DelegatingClassLoader@677fb6, its class = class sun.reflect.DelegatingClassLoader, index = 119, hashcode = 6782902
*** Profiler engine warning: target VM cannot load class to instrument sun.reflect.GeneratedSerializationConstructorAccessor57
*** probably it has been unloaded recently
*** Profiler engine warning: class sun.reflect.GeneratedSerializationConstructorAccessor58 that should be instrumented is not loaded by target VM
*** Requested classloader: sun.reflect.DelegatingClassLoader@1e1df96, its class = class sun.reflect.DelegatingClassLoader, index = 120, hashcode = 31580054
*** Profiler engine warning: target VM cannot load class to instrument sun.reflect.GeneratedSerializationConstructorAccessor58
*** probably it has been unloaded recently
*** Profiler engine warning: class sun.reflect.GeneratedSerializationConstructorAccessor59 that should be instrumented is not loaded by target VM
*** Requested classloader: sun.reflect.DelegatingClassLoader@a244cf, its class = class sun.reflect.DelegatingClassLoader, index = 125, hashcode = 10634447
*** Profiler engine warning: target VM cannot load class to instrument sun.reflect.GeneratedSerializationConstructorAccessor59
*** probably it has been unloaded recently
*** Profiler engine warning: class sun.reflect.GeneratedSerializationConstructorAccessor60 that should be instrumented is not loaded by target VM
*** Requested classloader: sun.reflect.DelegatingClassLoader@9ec822, its class = class sun.reflect.DelegatingClassLoader, index = 126, hashcode = 10405922
*** Profiler engine warning: target VM cannot load class to instrument sun.reflect.GeneratedSerializationConstructorAccessor60
*** probably it has been unloaded recently
*** Profiler engine warning: class sun.reflect.GeneratedSerializationConstructorAccessor61 that should be instrumented is not loaded by target VM
*** Requested classloader: sun.reflect.DelegatingClassLoader@27c783, its class = class sun.reflect.DelegatingClassLoader, index = 127, hashcode = 2606979
*** Profiler engine warning: target VM cannot load class to instrument sun.reflect.GeneratedSerializationConstructorAccessor61
*** probably it has been unloaded recently
*** Profiler engine warning: class sun.reflect.GeneratedSerializationConstructorAccessor62 that should be instrumented is not loaded by target VM
*** Requested classloader: sun.reflect.DelegatingClassLoader@1704042, its class = class sun.reflect.DelegatingClassLoader, index = 128, hashcode = 24133698
*** Profiler engine warning: target VM cannot load class to instrument sun.reflect.GeneratedSerializationConstructorAccessor62
*** probably it has been unloaded recently
*** Profiler engine warning: class sun.reflect.GeneratedSerializationConstructorAccessor63 that should be instrumented is not loaded by target VM
*** Requested classloader: sun.reflect.DelegatingClassLoader@1354b33, its class = class sun.reflect.DelegatingClassLoader, index = 129, hashcode = 20269875
*** Profiler engine warning: target VM cannot load class to instrument sun.reflect.GeneratedSerializationConstructorAccessor63
*** probably it has been unloaded recently
*** Profiler engine warning: class sun.reflect.GeneratedSerializationConstructorAccessor64 that should be instrumented is not loaded by target VM
*** Requested classloader: sun.reflect.DelegatingClassLoader@1c0ca43, its class = class sun.reflect.DelegatingClassLoader, index = 130, hashcode = 29411907
*** Profiler engine warning: target VM cannot load class to instrument sun.reflect.GeneratedSerializationConstructorAccessor64
*** probably it has been unloaded recently
*** Profiler engine warning: class sun.reflect.GeneratedSerializationConstructorAccessor65 that should be instrumented is not loaded by target VM
*** Requested classloader: sun.reflect.DelegatingClassLoader@4375ab, its class = class sun.reflect.DelegatingClassLoader, index = 131, hashcode = 4421035
*** Profiler engine warning: target VM cannot load class to instrument sun.reflect.GeneratedSerializationConstructorAccessor65
*** probably it has been unloaded recently
*** Profiler engine warning: class sun.reflect.GeneratedSerializationConstructorAccessor66 that should be instrumented is not loaded by target VM
*** Requested classloader: sun.reflect.DelegatingClassLoader@492cc5, its class = class sun.reflect.DelegatingClassLoader, index = 132, hashcode = 4795589
*** Profiler engine warning: target VM cannot load class to instrument sun.reflect.GeneratedSerializationConstructorAccessor66
*** probably it has been unloaded recently
*** Profiler engine warning: class sun.reflect.GeneratedSerializationConstructorAccessor67 that should be instrumented is not loaded by target VM
*** Requested classloader: sun.reflect.DelegatingClassLoader@e7804d, its class = class sun.reflect.DelegatingClassLoader, index = 133, hashcode = 15171661
*** Profiler engine warning: target VM cannot load class to instrument sun.reflect.GeneratedSerializationConstructorAccessor67
*** probably it has been unloaded recently
*** Profiler engine warning: class sun.reflect.GeneratedSerializationConstructorAccessor68 that should be instrumented is not loaded by target VM
*** Requested classloader: sun.reflect.DelegatingClassLoader@1f6e9c8, its class = class sun.reflect.DelegatingClassLoader, index = 134, hashcode = 32958920
*** Profiler engine warning: target VM cannot load class to instrument sun.reflect.GeneratedSerializationConstructorAccessor68
*** probably it has been unloaded recently
*** Profiler engine warning: class sun.reflect.GeneratedSerializationConstructorAccessor69 that should be instrumented is not loaded by target VM
*** Requested classloader: sun.reflect.DelegatingClassLoader@1ca8a70, its class = class sun.reflect.DelegatingClassLoader, index = 135, hashcode = 30050928
*** Profiler engine warning: target VM cannot load class to instrument sun.reflect.GeneratedSerializationConstructorAccessor69
*** probably it has been unloaded recently
*** Profiler engine warning: class sun.reflect.GeneratedSerializationConstructorAccessor70 that should be instrumented is not loaded by target VM
*** Requested classloader: sun.reflect.DelegatingClassLoader@75dde4, its class = class sun.reflect.DelegatingClassLoader, index = 136, hashcode = 7724516
*** Profiler engine warning: target VM cannot load class to instrument sun.reflect.GeneratedSerializationConstructorAccessor70
*** probably it has been unloaded recently
*** Profiler engine warning: class sun.reflect.GeneratedSerializationConstructorAccessor71 that should be instrumented is not loaded by target VM
*** Requested classloader: sun.reflect.DelegatingClassLoader@b13465, its class = class sun.reflect.DelegatingClassLoader, index = 137, hashcode = 11613285
*** Profiler engine warning: target VM cannot load class to instrument sun.reflect.GeneratedSerializationConstructorAccessor71
*** probably it has been unloaded recently
*** Profiler engine warning: class sun.reflect.GeneratedSerializationConstructorAccessor72 that should be instrumented is not loaded by target VM
*** Requested classloader: sun.reflect.DelegatingClassLoader@aca352, its class = class sun.reflect.DelegatingClassLoader, index = 141, hashcode = 11314002
*** Profiler engine warning: target VM cannot load class to instrument sun.reflect.GeneratedSerializationConstructorAccessor72
*** probably it has been unloaded recently
*** Profiler engine warning: class sun.reflect.GeneratedSerializationConstructorAccessor73 that should be instrumented is not loaded by target VM
*** Requested classloader: sun.reflect.DelegatingClassLoader@61e59e, its class = class sun.reflect.DelegatingClassLoader, index = 142, hashcode = 6415774
*** Profiler engine warning: target VM cannot load class to instrument sun.reflect.GeneratedSerializationConstructorAccessor73
*** probably it has been unloaded recently
*** Profiler engine warning: class sun.reflect.GeneratedSerializationConstructorAccessor74 that should be instrumented is not loaded by target VM
*** Requested classloader: sun.reflect.DelegatingClassLoader@1ee664c, its class = class sun.reflect.DelegatingClassLoader, index = 143, hashcode = 32400972
*** Profiler engine warning: target VM cannot load class to instrument sun.reflect.GeneratedSerializationConstructorAccessor74
*** probably it has been unloaded recently
18-May-2012 1:30:44 PM org.hibernate.util.JDBCExceptionReporter logExceptions
WARNING: SQL Error: 0, SQLState: null
18-May-2012 1:30:44 PM org.hibernate.util.JDBCExceptionReporter logExceptions
SEVERE: Batch entry 0 insert into sensor_cali_test (lastcalibrated, offset_, readingadjustment, maxcurrent, maxvalue, mincurrent, minvalue, shuntresistance, devicechannel, sensor_id, id) values (test, 7.0, 3.0, 5.0, 6.0, 3.0, 3.0, 4.0, test2, NULL, 1) was aborted.  Call getNextException to see the cause.
18-May-2012 1:30:44 PM org.hibernate.util.JDBCExceptionReporter logExceptions
WARNING: SQL Error: 0, SQLState: 23505
18-May-2012 1:30:45 PM org.hibernate.util.JDBCExceptionReporter logExceptions
SEVERE: ERROR: duplicate key value violates unique constraint "sensor_cali_test_pkey"
  Detail: Key (id)=(1) already exists.
18-May-2012 1:30:45 PM org.hibernate.event.def.AbstractFlushingEventListener performExecutions
SEVERE: Could not synchronize database state with session
org.hibernate.exception.ConstraintViolationException: Could not execute JDBC batch update
	at org.hibernate.exception.SQLStateConverter.convert(SQLStateConverter.java:73)
	at org.hibernate.exception.JDBCExceptionHelper.convert(JDBCExceptionHelper.java:43)
	at org.hibernate.jdbc.AbstractBatcher.executeBatch(AbstractBatcher.java:253)
	at org.hibernate.engine.ActionQueue.executeActions(ActionQueue.java:237)
	at org.hibernate.engine.ActionQueue.executeActions(ActionQueue.java:141)
	at org.hibernate.event.def.AbstractFlushingEventListener.performExecutions(AbstractFlushingEventListener.java:298)
	at org.hibernate.event.def.DefaultFlushEventListener.onFlush(DefaultFlushEventListener.java:27)
	at org.hibernate.impl.SessionImpl.flush(SessionImpl.java:1002)
	at org.hibernate.impl.SessionImpl.managedFlush(SessionImpl.java:338)
	at org.hibernate.transaction.JDBCTransaction.commit(JDBCTransaction.java:109)
	at com.aug.triton.db.dao.DAO.commit(DAO.java:46)
	at com.aug.triton.db.dao.SensorCaliDAOImpl.create(SensorCaliDAOImpl.java:23)
	at com.aug.triton.db.entity.SensorCaliTest.testCreate(SensorCaliTest.java:46)
	at sun.reflect.NativeMethodAccessorImpl.invoke0(Native Method)
	at sun.reflect.NativeMethodAccessorImpl.invoke(NativeMethodAccessorImpl.java:39)
	at sun.reflect.DelegatingMethodAccessorImpl.invoke(DelegatingMethodAccessorImpl.java:25)
	at java.lang.reflect.Method.invoke(Method.java:597)
	at org.junit.runners.model.FrameworkMethod$1.runReflectiveCall(FrameworkMethod.java:44)
	at org.junit.internal.runners.model.ReflectiveCallable.run(ReflectiveCallable.java:15)
	at org.junit.runners.model.FrameworkMethod.invokeExplosively(FrameworkMethod.java:41)
	at org.junit.internal.runners.statements.InvokeMethod.evaluate(InvokeMethod.java:21)
	at org.junit.internal.runners.statements.RunBefores.evaluate(RunBefores.java:29)
	at org.junit.internal.runners.statements.RunAfters.evaluate(RunAfters.java:35)
	at org.junit.runners.BlockJUnit4ClassRunner.runNotIgnored(BlockJUnit4ClassRunner.java:79)
	at org.junit.runners.BlockJUnit4ClassRunner.runChild(BlockJUnit4ClassRunner.java:71)
	at org.junit.runners.BlockJUnit4ClassRunner.runChild(BlockJUnit4ClassRunner.java:49)
	at org.junit.runners.ParentRunner$3.run(ParentRunner.java:193)
	at org.junit.runners.ParentRunner$1.schedule(ParentRunner.java:52)
	at org.junit.runners.ParentRunner.runChildren(ParentRunner.java:196)
	at org.junit.runners.ParentRunner.access$000(ParentRunner.java:42)
	at org.junit.runners.ParentRunner$2.evaluate(ParentRunner.java:184)
	at org.junit.internal.runners.statements.RunBefores.evaluate(RunBefores.java:29)
	at org.junit.internal.runners.statements.RunAfters.evaluate(RunAfters.java:35)
	at org.junit.runners.ParentRunner.run(ParentRunner.java:238)
	at junit.framework.JUnit4TestAdapter.run(JUnit4TestAdapter.java:39)
	at org.apache.tools.ant.taskdefs.optional.junit.JUnitTestRunner.run(JUnitTestRunner.java:525)
	at org.apache.tools.ant.taskdefs.optional.junit.JUnitTestRunner.launch(JUnitTestRunner.java:1053)
	at org.apache.tools.ant.taskdefs.optional.junit.JUnitTestRunner.main(JUnitTestRunner.java:913)
Caused by: java.sql.BatchUpdateException: Batch entry 0 insert into sensor_cali_test (lastcalibrated, offset_, readingadjustment, maxcurrent, maxvalue, mincurrent, minvalue, shuntresistance, devicechannel, sensor_id, id) values (test, 7.0, 3.0, 5.0, 6.0, 3.0, 3.0, 4.0, test2, NULL, 1) was aborted.  Call getNextException to see the cause.
	at org.postgresql.jdbc2.AbstractJdbc2Statement$BatchResultHandler.handleError(AbstractJdbc2Statement.java:2544)
	at org.postgresql.core.v3.QueryExecutorImpl$1.handleError(QueryExecutorImpl.java:403)
	at org.postgresql.core.v3.QueryExecutorImpl.processResults(QueryExecutorImpl.java:1337)
	at org.postgresql.core.v3.QueryExecutorImpl.execute(QueryExecutorImpl.java:357)
	at org.postgresql.jdbc2.AbstractJdbc2Statement.executeBatch(AbstractJdbc2Statement.java:2681)
	at org.hibernate.jdbc.BatchingBatcher.doExecuteBatch(BatchingBatcher.java:48)
	at org.hibernate.jdbc.AbstractBatcher.executeBatch(AbstractBatcher.java:246)
	... 35 more
]]></system-err>
</testsuite>
